 
 nat   =                     1
 npebf =                    10
 nebf  =                    10
 npbf  =                     8
 ngtg1 =                     8
 ngee  =                 10000
 ng1   =                  6400
 ng2   =                640000
 ng3   =              64000000
 ng4   =            6400000000
 ng1prm=                  6400
 ng2prm=                640000
 ng3prm=              64000000
 
 PMASS   =   1.00000000000000     
 nelec   =                     3
 NAE     =                     2 = total number of regular electrons
 NBE     =                     1 = number of special electrons
 NUCST   =                     1
 LNEOHF  = F
 LXCUHF  = F
 LXCROHF = F
 LRXCHF  = F
 LRXCUHF  = T
 read_CE = F
 read_CP = F
 READ_GAM2= F
 READ_GAM3= F
 READ_GAM4= F
 NG4CHK  =                    50
 LGAM4   = T
 LG4DSCF = F
 LG4IC   = T
 NG3CHK  =                    50
 LG3DSCF = F
 LG3IC1  = T
 LG3IC2  = F
 NG2CHK  =                    50
 LG2DSCF = F
 LG2IC1  = T
 LCMF    = F
 LSOSCF  = T
 LOCBSE  = T
 EXCHLEV =                     2  (=2: fe; =1: ae; =0: ne)
 NAalpE =                     1 = number of alpha regular electrons
 NAbetE =                     1 = number of beta regular electrons
 Geminal parameters: k, b_k, gamm_k
                     1   4.87920000000000       1.533000000000000E-002
                     2   18.6874000000000       4.988000000000000E-002
                     3   21.1435000000000       0.557580000000000     
                     4   25.8560100000000       0.160320000000000     
                     5   13.4063000000000        2.34570000000000     
                     6   7.18280000000000        13.7323000000000     
                     7   2.98040000000000        154.961000000000     
                     8  0.549400000000000        1088.60000000000     
 
 
 ========================================
 
  Running open shell RXCHF calculation
  performed at the RXCHF-fe level
 
 ========================================
 
 
  CHECK CONTRACTED ELECTRONIC BASIS FUNCTIONS 
 CONT INDEX    KPESTR     KPEEND

   1     1    1

   2     2    2

   3     3    3

   4     4    4

   5     5    5

   6     6    6

   7     7    7

   8     8    8

   9     9    9

  10    10   10
 
 ELECTRONIC BASIS FUNCTIONS:
 
 PRIM  CONT    ANG       EXPONENT CONTRACT  -X- -Y- -Z-
 INDEX INDEX   MOM                  COEF

   1     1    0  0  0    0.026631  1.000000  0.000000  0.000000  0.000000

   2     2    0  0  0    0.099651  1.000000  0.000000  0.000000  0.000000

   3     3    0  0  0    0.372887  1.000000  0.000000  0.000000  0.000000

   4     4    0  0  0    1.395309  1.000000  0.000000  0.000000  0.000000

   5     5    0  0  0    5.221120  1.000000  0.000000  0.000000  0.000000

   6     6    0  0  0   19.536960  1.000000  0.000000  0.000000  0.000000

   7     7    0  0  0   73.105547  1.000000  0.000000  0.000000  0.000000

   8     8    0  0  0  273.554377  1.000000  0.000000  0.000000  0.000000

   9     9    0  0  0    0.007117  1.000000  0.000000  0.000000  0.000000

  10    10    0  0  0    0.001902  1.000000  0.000000  0.000000  0.000000
 ELECTRONIC BASIS FUNCTIONS:
 CONTRACT COEFF HAVE BEEN NORMALIZED
 
 PRIM  CONT    ANG       EXPONENT CONTRACT  -X- -Y- -Z-
 INDEX INDEX   MOM                  COEF

   1     1    0  0  0    0.026631  0.046984  0.000000  0.000000  0.000000

   2     2    0  0  0    0.099651  0.126407  0.000000  0.000000  0.000000

   3     3    0  0  0    0.372887  0.340089  0.000000  0.000000  0.000000

   4     4    0  0  0    1.395309  0.914983  0.000000  0.000000  0.000000

   5     5    0  0  0    5.221120  2.461687  0.000000  0.000000  0.000000

   6     6    0  0  0   19.536960  6.622971  0.000000  0.000000  0.000000

   7     7    0  0  0   73.105547 17.818570  0.000000  0.000000  0.000000

   8     8    0  0  0  273.554377 47.939427  0.000000  0.000000  0.000000

   9     9    0  0  0    0.007117  0.017464  0.000000  0.000000  0.000000

  10    10    0  0  0    0.001902  0.006491  0.000000  0.000000  0.000000
 
 NUCLEAR BASIS FUNCTIONS:
 
 PRIM  CONT    ANG       EXPONENT CONTRACT  -X- -Y- -Z-
 INDEX INDEX   MOM                  COEF

   1     1    0  0  0    0.012247  1.000000  0.000000  0.000000  0.000000

   2     2    0  0  0    0.028902  1.000000  0.000000  0.000000  0.000000

   3     3    0  0  0    0.068202  1.000000  0.000000  0.000000  0.000000

   4     4    0  0  0    0.160944  1.000000  0.000000  0.000000  0.000000

   5     5    0  0  0    0.379798  1.000000  0.000000  0.000000  0.000000

   6     6    0  0  0    0.896251  1.000000  0.000000  0.000000  0.000000

   7     7    0  0  0    0.005190  1.000000  0.000000  0.000000  0.000000

   8     8    0  0  0    0.002199  1.000000  0.000000  0.000000  0.000000
 
 NUCLEAR BASIS FUNCTIONS:
 CONTRACT COEFF HAVE BEEN NORMALIZED
 
 PRIM  CONT    ANG       EXPONENT CONTRACT  -X- -Y- -Z-
 INDEX INDEX   MOM                  COEF

   1     1    0  0  0    0.012247  0.026239  0.000000  0.000000  0.000000

   2     2    0  0  0    0.028902  0.049958  0.000000  0.000000  0.000000

   3     3    0  0  0    0.068202  0.095117  0.000000  0.000000  0.000000

   4     4    0  0  0    0.160944  0.181099  0.000000  0.000000  0.000000

   5     5    0  0  0    0.379798  0.344806  0.000000  0.000000  0.000000

   6     6    0  0  0    0.896251  0.656496  0.000000  0.000000  0.000000

   7     7    0  0  0    0.005190  0.013781  0.000000  0.000000  0.000000

   8     8    0  0  0    0.002199  0.007238  0.000000  0.000000  0.000000
 
 CONTRACTED ELECTRONIC OVERLAP MATRIX
 

             1           2           3           4           5

    1    1.0000000
    2    0.7369449   1.0000000
    3    0.3523433   0.7369449   1.0000000
    4    0.1411785   0.3523433   0.7369449   1.0000000
    5    0.0535736   0.1411785   0.3523433   0.7369449   1.0000000
    6    0.0200243   0.0535736   0.1411785   0.3523433   0.7369449
    7    0.0074540   0.0200243   0.0535736   0.1411785   0.3523433
    8    0.0027717   0.0074540   0.0200243   0.0535736   0.1411785
    9    0.7369449   0.3523433   0.1411785   0.0535736   0.0200243
   10    0.3523433   0.1411785   0.0535736   0.0200243   0.0074540

             6           7           8           9          10

    6    1.0000000
    7    0.7369449   1.0000000
    8    0.3523433   0.7369449   1.0000000
    9    0.0074540   0.0027717   0.0010303   1.0000000
   10    0.0027717   0.0010303   0.0003830   0.7369449   1.0000000
 
 NUCLEAR OVERLAP MATRIX
 

             1           2           3           4           5

    1    1.0000000
    2    0.8744414   1.0000000
    3    0.6090334   0.8744414   1.0000000
    4    0.3671085   0.6090334   0.8744414   1.0000000
    5    0.2052288   0.3671085   0.6090334   0.8744414   1.0000000
    6    0.1107680   0.2052288   0.3671085   0.6090334   0.8744414
    7    0.8744414   0.6090334   0.3671085   0.2052288   0.1107680
    8    0.6090334   0.3671085   0.2052288   0.1107680   0.0588622

             6           7           8

    6    1.0000000
    7    0.0588622   1.0000000
    8    0.0310702   0.8744414   1.0000000
 
 **************************************
  CALCULATING ELEC+NUC CORE INTEGRALS  
 **************************************
 
 all done in calc_GAM_epcore
 
 **************************************
     Computing GAM_ep Integrals    
 **************************************
 
 got here
 all done in calc_GAM_ep
 
 **************************************
     Computing GAM_ee Integrals    
 
 nebf =                    10
 npebf=                    10
 ngee =                 10000
 **************************************
 
 all done in calc_GAM_ee
 
 **************************************
        GAM_1 Integrals    
 
 METHOD = MD
 npebf  =                    10
 nebf   =                    10
 npbf   =                     8
 ng1    =                  6400
  Available processors:           16
  Available threads               16
  Threads in use                   1
 **************************************
 
  Hello from process                      2
  Hello from process                      5
  Hello from process                      8
  Hello from process                      6
  Hello from process                     13
  Hello from process                      9
  Hello from process                     11
  Hello from process                      3
  Hello from process                      1
  Hello from process                      4
  Hello from process                      7
  Hello from process                     10
  Hello from process                     15
  Hello from process                     12
  Hello from process                     14
  Hello from process                      0
 Threads in use          16
 TIME TO CALCULATE GAM_1 INTEGRALS:    3.78191900253296     

      +---------------------------------------------+
      |     CALCULATING 3-PARTICLE INTEGRALS        |
      |            --IN-CORE APPROACH--             |
      +---------------------------------------------+
                                  
           NUMBER OF 3-PARTICLE INTEGRALS:        640000
          NUMBER OF BLOCKS (USER DEFINED):            50
                                  
          COMPUTATIONAL RESOURCES:
          ------------------------
             CORES PER NODE:  16
                  AVAILABLE:  16
            NUMBER OF NODES:   1

            TIME TO EVALUATE BLOCK     1      17.35
            TIME TO EVALUATE BLOCK     2      17.35
            TIME TO EVALUATE BLOCK     3      17.34
            TIME TO EVALUATE BLOCK     4      17.34
            TIME TO EVALUATE BLOCK     5      17.36
            TIME TO EVALUATE BLOCK     6      17.33
            TIME TO EVALUATE BLOCK     7      17.34
            TIME TO EVALUATE BLOCK     8      17.34
            TIME TO EVALUATE BLOCK     9      17.34
            TIME TO EVALUATE BLOCK    10      17.34
            TIME TO EVALUATE BLOCK    11      17.37
            TIME TO EVALUATE BLOCK    12      17.33
            TIME TO EVALUATE BLOCK    13      17.35
            TIME TO EVALUATE BLOCK    14      17.34
            TIME TO EVALUATE BLOCK    15      17.34
            TIME TO EVALUATE BLOCK    16      17.34
            TIME TO EVALUATE BLOCK    17      17.34
            TIME TO EVALUATE BLOCK    18      17.35
            TIME TO EVALUATE BLOCK    19      17.35
            TIME TO EVALUATE BLOCK    20      17.35
            TIME TO EVALUATE BLOCK    21      17.35
            TIME TO EVALUATE BLOCK    22      17.34
            TIME TO EVALUATE BLOCK    23      17.35
            TIME TO EVALUATE BLOCK    24      17.34
            TIME TO EVALUATE BLOCK    25      17.35
            TIME TO EVALUATE BLOCK    26      17.37
            TIME TO EVALUATE BLOCK    27      17.35
            TIME TO EVALUATE BLOCK    28      17.34
            TIME TO EVALUATE BLOCK    29      17.33
            TIME TO EVALUATE BLOCK    30      17.33
            TIME TO EVALUATE BLOCK    31      17.35
            TIME TO EVALUATE BLOCK    32      17.34
            TIME TO EVALUATE BLOCK    33      17.34
            TIME TO EVALUATE BLOCK    34      17.35
            TIME TO EVALUATE BLOCK    35      17.35
            TIME TO EVALUATE BLOCK    36      17.33
            TIME TO EVALUATE BLOCK    37      17.35
            TIME TO EVALUATE BLOCK    38      17.33
            TIME TO EVALUATE BLOCK    39      17.34
            TIME TO EVALUATE BLOCK    40      17.34
            TIME TO EVALUATE BLOCK    41      17.33
            TIME TO EVALUATE BLOCK    42      17.33
            TIME TO EVALUATE BLOCK    43      17.33
            TIME TO EVALUATE BLOCK    44      17.34
            TIME TO EVALUATE BLOCK    45      17.32
            TIME TO EVALUATE BLOCK    46      17.35
            TIME TO EVALUATE BLOCK    47      17.34
            TIME TO EVALUATE BLOCK    48      17.34
            TIME TO EVALUATE BLOCK    49      17.32
            TIME TO EVALUATE BLOCK    50      17.34

          TIMING SUMMARY FOR 3-PARTICLE INTEGRALS:
          ----------------------------------------
            TIME TO EVALUATE ALL INTEGRALS:     867.1110
              TIME TO SYMMETRIZE INTEGRALS:       0.0293


      +---------------------------------------------+
      |     CALCULATING 4-PARTICLE INTEGRALS        |
      |            --IN-CORE APPROACH--             |
      +---------------------------------------------+
                                  
           NUMBER OF 4-PARTICLE INTEGRALS:      64000000
          NUMBER OF BLOCKS (USER DEFINED):            50
                                  
          COMPUTATIONAL RESOURCES:
          ------------------------
             CORES PER NODE:  16
                  AVAILABLE:  16
            NUMBER OF NODES:   1

            TIME TO EVALUATE BLOCK     1      76.16
            TIME TO EVALUATE BLOCK     2      75.10
            TIME TO EVALUATE BLOCK     3      74.97
            TIME TO EVALUATE BLOCK     4      74.98
            TIME TO EVALUATE BLOCK     5      74.98
            TIME TO EVALUATE BLOCK     6      74.98
            TIME TO EVALUATE BLOCK     7      74.97
            TIME TO EVALUATE BLOCK     8      74.97
            TIME TO EVALUATE BLOCK     9      75.00
            TIME TO EVALUATE BLOCK    10      74.98
            TIME TO EVALUATE BLOCK    11      75.00
            TIME TO EVALUATE BLOCK    12      74.97
            TIME TO EVALUATE BLOCK    13      74.96
            TIME TO EVALUATE BLOCK    14      74.97
            TIME TO EVALUATE BLOCK    15      74.97
            TIME TO EVALUATE BLOCK    16      74.98
            TIME TO EVALUATE BLOCK    17      74.97
            TIME TO EVALUATE BLOCK    18      74.96
            TIME TO EVALUATE BLOCK    19      74.96
            TIME TO EVALUATE BLOCK    20      74.97
            TIME TO EVALUATE BLOCK    21      74.98
            TIME TO EVALUATE BLOCK    22      74.97
            TIME TO EVALUATE BLOCK    23      74.99
            TIME TO EVALUATE BLOCK    24      74.98
            TIME TO EVALUATE BLOCK    25      74.96
            TIME TO EVALUATE BLOCK    26      74.96
            TIME TO EVALUATE BLOCK    27      74.96
            TIME TO EVALUATE BLOCK    28      74.97
            TIME TO EVALUATE BLOCK    29      74.96
            TIME TO EVALUATE BLOCK    30      74.98
            TIME TO EVALUATE BLOCK    31      74.97
            TIME TO EVALUATE BLOCK    32      74.97
            TIME TO EVALUATE BLOCK    33      74.98
            TIME TO EVALUATE BLOCK    34      74.96
            TIME TO EVALUATE BLOCK    35      74.97
            TIME TO EVALUATE BLOCK    36      74.94
            TIME TO EVALUATE BLOCK    37      74.95
            TIME TO EVALUATE BLOCK    38      74.96
            TIME TO EVALUATE BLOCK    39      74.94
            TIME TO EVALUATE BLOCK    40      74.96
            TIME TO EVALUATE BLOCK    41      74.95
            TIME TO EVALUATE BLOCK    42      74.96
            TIME TO EVALUATE BLOCK    43      74.95
            TIME TO EVALUATE BLOCK    44      74.95
            TIME TO EVALUATE BLOCK    45      75.00
            TIME TO EVALUATE BLOCK    46      74.93
            TIME TO EVALUATE BLOCK    47      75.11
            TIME TO EVALUATE BLOCK    48      76.14
            TIME TO EVALUATE BLOCK    49      74.96
            TIME TO EVALUATE BLOCK    50      74.95

          TIMING SUMMARY FOR 4-PARTICLE INTEGRALS:
          ----------------------------------------
            TIME TO EVALUATE ALL INTEGRALS:    3751.0035
              TIME TO SYMMETRIZE INTEGRALS:       1.1030

 Using LOCBSE2
 READ IN NUC REPULSION
 
 READ IN NUC OVLAP
 READ IN ELEC OVLAP
 READ IN GAM_ECORE
 READ IN GAM_PCORE
 READ IN GAM_EP
 READ IN GAM_EE
 
 ABOUT TO CALL guess_A_elec
 BACK FROM guess_elec for OCBSE
 ABOUT TO CALL guess_prot
 BACK FROM guess_prot
 

       ** BEGIN RXCHF SELF-CONSISTENT-FIELD CALCULATION **

           INITIAL GUESS ENERGETICS:            

      -----------------------------------------------
               NEORXCHF ENERGETIC COMPONENTS          
      -----------------------------------------------
                E_NUC=         0.0000000000
               E_OMG1=         1.5127764790
               E_OMG2=        -8.4598705044
               E_OMG3=         1.8683979975
               E_OMG4=         0.0000000000
               S_OMG1=         0.0272894267
               S_OMG2=        -0.0000103877
              S_TOTAL=         0.0272790389
              E_TOTAL=        -5.0786960279


 STARTING MICROITERATIONS FOR ITERATION   1

 ITER      TOTAL ENERGY        E CHANGE       ALPHA DENS       BETA DENS        SPEC DENS        QMP DENS 
   1       -6.8387036337    -6.8387036337     0.3941524508     0.3320476864     2.0440464251     3.0147211412
   2       -6.8854431939    -0.0467395602     0.0330688268     0.0053871261     1.5559666996     3.0147211412
   3       -6.8935546742    -0.0081114804     0.0147570662     0.0011826622     0.7616877775     3.0147211412
   4       -6.8943527567    -0.0007980824     0.0067543139     0.0011621087     0.1575636569     3.0147211412
   5       -6.8945840610    -0.0002313043     0.0029805582     0.0006304528     0.3784195916     3.0147211412
   6       -6.8947354883    -0.0001514273     0.0021548938     0.0002760762     0.1263402608     3.0147211412
   7       -6.8948489558    -0.0001134675     0.0018711117     0.0001166565     0.1373311505     3.0147211412
   8       -6.8949348226    -0.0000858668     0.0016202333     0.0000555693     0.1672141967     3.0147211412
   9       -6.8949995887    -0.0000647661     0.0013963533     0.0000324470     0.1780739795     3.0147211412
  10       -6.8950481068    -0.0000485181     0.0012005256     0.0000229358     0.1635519564     3.0147211412
  11       -6.8950841463    -0.0000360394     0.0010323842     0.0000182238     0.1309197956     3.0147211412
  12       -6.8951107492    -0.0000266029     0.0008898453     0.0000152849     0.0936633236     3.0147211412
  13       -6.8951303599    -0.0000196107     0.0007693240     0.0000130928     0.0625191557     3.0147211412
  14       -6.8951448467    -0.0000144869     0.0006664295     0.0000112957     0.0409726598     3.0147211412
  15       -6.8951555765    -0.0000107297     0.0005774265     0.0000097662     0.0273407510     3.0147211412
  16       -6.8951635377    -0.0000079612     0.0004999433     0.0000084491     0.0187663056     3.0147211412
  17       -6.8951694505    -0.0000059129     0.0004325046     0.0000073109     0.0131818215     3.0147211412
  18       -6.8951738443    -0.0000043938     0.0003739401     0.0000063259     0.0094059703     3.0147211412
  19       -6.8951771100    -0.0000032657     0.0003231767     0.0000054727     0.0067814332     3.0147211412
  20       -6.8951795374    -0.0000024273     0.0002792278     0.0000047336     0.0049224863     3.0147211412
  21       -6.8951813414    -0.0000018040     0.0002412076     0.0000040933     0.0035886541     3.0147211412
  22       -6.8951826818    -0.0000013405     0.0002083331     0.0000035388     0.0026230061     3.0147211412
  23       -6.8951836775    -0.0000009957     0.0001799184     0.0000030588     0.0019196555     3.0147211412
  24       -6.8951844169    -0.0000007393     0.0001553650     0.0000026434     0.0014051673     3.0147211412
  25       -6.8951849655    -0.0000005487     0.0001341525     0.0000022840     0.0010278596     3.0147211412
  26       -6.8951853725    -0.0000004070     0.0001158292     0.0000019732     0.0007506921     3.0147211412
  27       -6.8951856741    -0.0000003016     0.0001000037     0.0000017045     0.0005469983     3.0147211412
  28       -6.8951858974    -0.0000002234     0.0000863369     0.0000014722     0.0003972844     3.0147211412
  29       -6.8951860627    -0.0000001652     0.0000745352     0.0000012715     0.0002873419     3.0147211412
  30       -6.8951861848    -0.0000001221     0.0000643449     0.0000010980     0.0002067215     3.0147211412
  31       -6.8951862748    -0.0000000901     0.0000555464     0.0000009482     0.0001477060     3.0147211412
  32       -6.8951863412    -0.0000000664     0.0000479501     0.0000008187     0.0001046330     3.0147211412
  33       -6.8951863900    -0.0000000488     0.0000413918     0.0000007069     0.0000738839     3.0147211412
  34       -6.8951864258    -0.0000000358     0.0000357300     0.0000006103     0.0000549395     3.0147211412
  35       -6.8951864520    -0.0000000262     0.0000308423     0.0000005269     0.0000408267     3.0147211412
  36       -6.8951864710    -0.0000000191     0.0000266229     0.0000004549     0.0000303395     3.0147211412
  37       -6.8951864849    -0.0000000139     0.0000229805     0.0000003927     0.0000250929     3.0147211412
  38       -6.8951864949    -0.0000000100     0.0000198363     0.0000003390     0.0000223633     3.0147211412
  39       -6.8951865021    -0.0000000072     0.0000171221     0.0000002927     0.0000198260     3.0147211412
  40       -6.8951865072    -0.0000000051     0.0000147793     0.0000002526     0.0000175015     3.0147211412
  41       -6.8951865108    -0.0000000036     0.0000127569     0.0000002181     0.0000154001     3.0147211412
  42       -6.8951865133    -0.0000000025     0.0000110112     0.0000001882     0.0000135072     3.0147211412
  43       -6.8951865151    -0.0000000017     0.0000095044     0.0000001625     0.0000118214     3.0147211412
  44       -6.8951865162    -0.0000000012     0.0000082038     0.0000001403     0.0000103259     3.0147211412
  45       -6.8951865170    -0.0000000008     0.0000070811     0.0000001211     0.0000089978     3.0147211412
  46       -6.8951865174    -0.0000000005     0.0000061120     0.0000001045     0.0000078381     3.0147211412
  47       -6.8951865177    -0.0000000003     0.0000052756     0.0000000902     0.0000068119     3.0147211412
  48       -6.8951865178    -0.0000000001     0.0000045536     0.0000000779     0.0000059186     3.0147211412
  49       -6.8951865179     0.0000000000     0.0000039304     0.0000000672     0.0000051357     3.0147211412
  50       -6.8951865178     0.0000000000     0.0000033925     0.0000000580     0.0000044522     3.0147211412
  51       -6.8951865178     0.0000000001     0.0000029282     0.0000000501     0.0000038589     3.0147211412
  52       -6.8951865177     0.0000000001     0.0000025275     0.0000000432     0.0000033421     3.0147211412
  53       -6.8951865176     0.0000000001     0.0000021816     0.0000000373     0.0000028935     3.0147211412
  54       -6.8951865175     0.0000000001     0.0000018830     0.0000000322     0.0000025024     3.0147211412
  55       -6.8951865174     0.0000000001     0.0000016253     0.0000000278     0.0000021668     3.0147211412
  56       -6.8951865173     0.0000000001     0.0000014028     0.0000000240     0.0000018721     3.0147211412
  57       -6.8951865172     0.0000000001     0.0000012108     0.0000000207     0.0000016185     3.0147211412
  58       -6.8951865171     0.0000000001     0.0000010451     0.0000000179     0.0000014005     3.0147211412
  59       -6.8951865170     0.0000000001     0.0000009021     0.0000000154     0.0000012097     3.0147211412
  60       -6.8951865169     0.0000000001     0.0000007786     0.0000000133     0.0000010466     3.0147211412
  61       -6.8951865169     0.0000000001     0.0000006721     0.0000000115     0.0000009016     3.0147211412
 CONVERGED ITERATION   1 IN  61 MICROITERATIONS


 STARTING MICROITERATIONS FOR ITERATION   2

 ITER      TOTAL ENERGY        E CHANGE       ALPHA DENS       BETA DENS        SPEC DENS        QMP DENS 
   1       -7.3216098972    -0.4264233803     0.0000005801     0.0000000099     0.0000007796     3.9091404203
 CONVERGED ITERATION   2 IN   1 MICROITERATIONS


 STARTING MICROITERATIONS FOR ITERATION   3

 ITER      TOTAL ENERGY        E CHANGE       ALPHA DENS       BETA DENS        SPEC DENS        QMP DENS 
   1       -7.4228349915    -0.1012250944     0.0098474172     0.0035013709     1.5852805532     4.6446796040
   2       -7.4260987086    -0.0032637171     0.0118204676     0.0006915654     0.6180046774     4.6446796040
   3       -7.4265472626    -0.0004485539     0.0061158035     0.0004218999     1.2814254611     4.6446796040
   4       -7.4267038175    -0.0001565550     0.0030200901     0.0002671888     0.2966381662     4.6446796040
   5       -7.4267193317    -0.0000155142     0.0016504087     0.0001493832     0.0733915054     4.6446796040
   6       -7.4267069920     0.0000123397     0.0010738193     0.0000872145     0.2128819755     4.6446796040
   7       -7.4266816354     0.0000253566     0.0007161292     0.0000533005     0.0825175966     4.6446796040
   8       -7.4266591703     0.0000224651     0.0004691542     0.0000338888     0.0718936894     4.6446796040
   9       -7.4266415456     0.0000176246     0.0003096695     0.0000219338     0.0432455933     4.6446796040
  10       -7.4266287312     0.0000128145     0.0002039706     0.0000143544     0.0278467871     4.6446796040
  11       -7.4266197599     0.0000089712     0.0001344627     0.0000094400     0.0178303955     4.6446796040
  12       -7.4266136163     0.0000061436     0.0000887255     0.0000062226     0.0115065422     4.6446796040
  13       -7.4266094648     0.0000041515     0.0000585868     0.0000041059     0.0074721247     4.6446796040
  14       -7.4266066828     0.0000027820     0.0000386802     0.0000027102     0.0048762674     4.6446796040
  15       -7.4266048284     0.0000018545     0.0000255350     0.0000017892     0.0031936966     4.6446796040
  16       -7.4266035964     0.0000012319     0.0000168562     0.0000011812     0.0020969859     4.6446796040
  17       -7.4266027798     0.0000008166     0.0000111267     0.0000007798     0.0013792698     4.6446796040
  18       -7.4266022393     0.0000005405     0.0000073445     0.0000005147     0.0009082594     4.6446796040
  19       -7.4266018819     0.0000003574     0.0000048479     0.0000003398     0.0005985649     4.6446796040
  20       -7.4266016458     0.0000002362     0.0000031999     0.0000002243     0.0003946771     4.6446796040
  21       -7.4266014897     0.0000001560     0.0000021121     0.0000001480     0.0002603280     4.6446796040
  22       -7.4266013867     0.0000001030     0.0000013941     0.0000000977     0.0001717515     4.6446796040
  23       -7.4266013187     0.0000000680     0.0000009202     0.0000000645     0.0001133307     4.6446796040
  24       -7.4266012738     0.0000000449     0.0000006074     0.0000000426     0.0000747888     4.6446796040
  25       -7.4266012441     0.0000000296     0.0000004009     0.0000000281     0.0000493579     4.6446796040
  26       -7.4266012245     0.0000000196     0.0000002646     0.0000000185     0.0000325765     4.6446796040
  27       -7.4266012116     0.0000000129     0.0000001747     0.0000000122     0.0000214994     4.6446796040
  28       -7.4266012031     0.0000000085     0.0000001153     0.0000000081     0.0000141906     4.6446796040
  29       -7.4266011975     0.0000000056     0.0000000761     0.0000000053     0.0000093673     4.6446796040
  30       -7.4266011938     0.0000000037     0.0000000502     0.0000000035     0.0000061817     4.6446796040
  31       -7.4266011913     0.0000000025     0.0000000331     0.0000000023     0.0000040806     4.6446796040
  32       -7.4266011897     0.0000000016     0.0000000219     0.0000000015     0.0000026932     4.6446796040
  33       -7.4266011886     0.0000000011     0.0000000144     0.0000000010     0.0000017784     4.6446796040
  34       -7.4266011879     0.0000000007     0.0000000095     0.0000000007     0.0000011732     4.6446796040
  35       -7.4266011874     0.0000000005     0.0000000063     0.0000000004     0.0000007731     4.6446796040
 CONVERGED ITERATION   3 IN  35 MICROITERATIONS


 STARTING MICROITERATIONS FOR ITERATION   4

 ITER      TOTAL ENERGY        E CHANGE       ALPHA DENS       BETA DENS        SPEC DENS        QMP DENS 
   1       -7.4609281221    -0.0343269346     0.0000000042     0.0000000003     0.0000005120     4.4734049326
 CONVERGED ITERATION   4 IN   1 MICROITERATIONS


 STARTING MICROITERATIONS FOR ITERATION   5

 ITER      TOTAL ENERGY        E CHANGE       ALPHA DENS       BETA DENS        SPEC DENS        QMP DENS 
   1       -7.4737458516    -0.0128177295     0.0004138248     0.0001558715     0.3246587398     5.1270637771
   2       -7.4741557903    -0.0004099387     0.0003532459     0.0001613074     0.2360228835     5.1270637771
   3       -7.4741508049     0.0000049854     0.0002407676     0.0000734066     0.0274878966     5.1270637771
   4       -7.4741473069     0.0000034980     0.0001253958     0.0000295068     0.0001230761     5.1270637771
   5       -7.4741453983     0.0000019085     0.0000652828     0.0000122937     0.0000628027     5.1270637771
   6       -7.4741443984     0.0000009999     0.0000335019     0.0000053929     0.0000320899     5.1270637771
   7       -7.4741438835     0.0000005149     0.0000170744     0.0000024600     0.0000163335     5.1270637771
   8       -7.4741436205     0.0000002630     0.0000086755     0.0000011568     0.0000082952     5.1270637771
   9       -7.4741434868     0.0000001337     0.0000044010     0.0000005565     0.0000042072     5.1270637771
  10       -7.4741434189     0.0000000678     0.0000022305     0.0000002721     0.0000021320     5.1270637771
  11       -7.4741433845     0.0000000344     0.0000011298     0.0000001346     0.0000010798     5.1270637771
  12       -7.4741433671     0.0000000174     0.0000005720     0.0000000671     0.0000005467     5.1270637771
 CONVERGED ITERATION   5 IN  12 MICROITERATIONS


 STARTING MICROITERATIONS FOR ITERATION   6

 ITER      TOTAL ENERGY        E CHANGE       ALPHA DENS       BETA DENS        SPEC DENS        QMP DENS 
   1       -7.4785224189    -0.0043790517     0.0000002896     0.0000000336     0.0000002767     5.7804146645
 CONVERGED ITERATION   6 IN   1 MICROITERATIONS


 STARTING MICROITERATIONS FOR ITERATION   7

 ITER      TOTAL ENERGY        E CHANGE       ALPHA DENS       BETA DENS        SPEC DENS        QMP DENS 
   1       -7.4804037780    -0.0018813591     0.0000441051     0.0000496286     0.4257104019     2.5780930037
   2       -7.4805523886    -0.0001486106     0.0000371776     0.0000515879     0.2224256999     2.5780930037
   3       -7.4805527947    -0.0000004061     0.0000161873     0.0000243711     0.0195693730     2.5780930037
   4       -7.4805526254     0.0000001693     0.0000070268     0.0000084013     0.0000709505     2.5780930037
   5       -7.4805525509     0.0000000745     0.0000031054     0.0000029150     0.0000142062     2.5780930037
   6       -7.4805525191     0.0000000318     0.0000013389     0.0000010441     0.0000062359     2.5780930037
   7       -7.4805525058     0.0000000134     0.0000005678     0.0000003811     0.0000026700     2.5780930037
   8       -7.4805525002     0.0000000056     0.0000002382     0.0000001412     0.0000011274     2.5780930037
   9       -7.4805524979     0.0000000023     0.0000000992     0.0000000530     0.0000004716     2.5780930037
 CONVERGED ITERATION   7 IN   9 MICROITERATIONS


 STARTING MICROITERATIONS FOR ITERATION   8

 ITER      TOTAL ENERGY        E CHANGE       ALPHA DENS       BETA DENS        SPEC DENS        QMP DENS 
   1       -7.4812991981    -0.0007467002     0.0000000411     0.0000000201     0.0000001960     2.6477979926
 CONVERGED ITERATION   8 IN   1 MICROITERATIONS


 STARTING MICROITERATIONS FOR ITERATION   9

 ITER      TOTAL ENERGY        E CHANGE       ALPHA DENS       BETA DENS        SPEC DENS        QMP DENS 
   1       -7.4816722772    -0.0003730791     0.0000069655     0.0000184707     0.1864928992     0.8688225231
   2       -7.4817079261    -0.0000356489     0.0000091539     0.0000213404     0.1176679900     0.8688225231
   3       -7.4817079651    -0.0000000389     0.0000065773     0.0000111136     0.0041510967     0.8688225231
   4       -7.4817079580     0.0000000070     0.0000029816     0.0000035619     0.0000090102     0.8688225231
   5       -7.4817079535     0.0000000045     0.0000010831     0.0000011642     0.0000011003     0.8688225231
   6       -7.4817079514     0.0000000022     0.0000003716     0.0000003912     0.0000002360     0.8688225231
 CONVERGED ITERATION   9 IN   6 MICROITERATIONS


 STARTING MICROITERATIONS FOR ITERATION  10

 ITER      TOTAL ENERGY        E CHANGE       ALPHA DENS       BETA DENS        SPEC DENS        QMP DENS 
   1       -7.4817875402    -0.0000795888     0.0000001261     0.0000001331     0.0000000459     0.5819566751
 CONVERGED ITERATION  10 IN   1 MICROITERATIONS


 STARTING MICROITERATIONS FOR ITERATION  11

 ITER      TOTAL ENERGY        E CHANGE       ALPHA DENS       BETA DENS        SPEC DENS        QMP DENS 
   1       -7.4817975255    -0.0000099853     0.0000026982     0.0000076410     0.0553453202     0.0913987313
   2       -7.4817976436    -0.0000001181     0.0000025778     0.0000049716     0.0071162303     0.0913987313
   3       -7.4817976431     0.0000000005     0.0000013103     0.0000016815     0.0000136197     0.0913987313
   4       -7.4817976420     0.0000000011     0.0000004971     0.0000005391     0.0000007793     0.0913987313
 CONVERGED ITERATION  11 IN   4 MICROITERATIONS


 STARTING MICROITERATIONS FOR ITERATION  12

 ITER      TOTAL ENERGY        E CHANGE       ALPHA DENS       BETA DENS        SPEC DENS        QMP DENS 
   1       -7.4817983306    -0.0000006887     0.0000001718     0.0000001793     0.0000002083     0.0591032075
 CONVERGED ITERATION  12 IN   1 MICROITERATIONS


 STARTING MICROITERATIONS FOR ITERATION  13

 ITER      TOTAL ENERGY        E CHANGE       ALPHA DENS       BETA DENS        SPEC DENS        QMP DENS 
   1       -7.4817983789    -0.0000000482     0.0000003430     0.0000008772     0.0045637374     0.0007425081
   2       -7.4817983791    -0.0000000003     0.0000002316     0.0000003653     0.0000541708     0.0007425081
   3       -7.4817983790     0.0000000001     0.0000001000     0.0000001143     0.0000001878     0.0007425081
 CONVERGED ITERATION  13 IN   3 MICROITERATIONS


 STARTING MICROITERATIONS FOR ITERATION  14

 ITER      TOTAL ENERGY        E CHANGE       ALPHA DENS       BETA DENS        SPEC DENS        QMP DENS 
   1       -7.4817983822    -0.0000000032     0.0000000356     0.0000000376     0.0000000494     0.0042057863
 CONVERGED ITERATION  14 IN   1 MICROITERATIONS


 STARTING MICROITERATIONS FOR ITERATION  15

 ITER      TOTAL ENERGY        E CHANGE       ALPHA DENS       BETA DENS        SPEC DENS        QMP DENS 
   1       -7.4817983824    -0.0000000002     0.0000000322     0.0000000701     0.0003142521     0.0000036414
   2       -7.4817983824     0.0000000000     0.0000000186     0.0000000272     0.0000002845     0.0000036414
 CONVERGED ITERATION  15 IN   2 MICROITERATIONS


 FINAL NEORXCUHF ENERGY IS       -7.4817983824 AFTER  15 ITERATIONS

      -----------------------------------------------
               NEORXCHF ENERGETIC COMPONENTS          
      -----------------------------------------------
                E_NUC=         0.0000000000
               E_OMG1=        -0.2824132184
               E_OMG2=        -8.8498270755
               E_OMG3=         1.6504419116
               E_OMG4=         0.0000000000
               S_OMG1=         4.6001367732
               S_OMG2=        -0.0000141229
              S_TOTAL=         4.6001226503
              E_TOTAL=        -7.4817983824


  REGULAR ALPHA ELECTRONIC ORBITALS AND EIGENVALUES: 

                        1          2          3          4          5

                     -2.7752    -0.0613    -0.0309     0.0369     0.1468

    1  LABEL        0.010176  -0.561179   0.224647  -2.442613  -0.867835
    2  LABEL       -0.023043  -0.914149   0.016062   1.874953   0.382909
    3  LABEL        0.188181   0.237179  -0.003772  -0.365144  -0.029067
    4  LABEL        0.568981   0.138703  -0.004295  -0.100649   0.030921
    5  LABEL        0.311854   0.061282  -0.001368  -0.060041   0.008515
    6  LABEL        0.086898   0.015310  -0.000411  -0.012352   0.003132
    7  LABEL        0.017335   0.003126  -0.000070  -0.003023   0.000456
    8  LABEL        0.004842   0.000837  -0.000022  -0.000698   0.000164
    9  LABEL       -0.004349   1.120168  -1.120830   1.931560  -0.439105
   10  LABEL        0.001351  -0.295750   1.535771  -0.593047   0.046192

                        6          7          8          9         10

                      0.9891     6.8807    34.3331   150.6571   635.7596

    1  LABEL       -0.969203  -0.332864   0.134159   0.059432   0.027172
    2  LABEL        1.866647   0.702893  -0.281293  -0.123985  -0.056585
    3  LABEL       -2.448738  -1.425400   0.584198   0.254866   0.115722
    4  LABEL        1.133313   2.293836  -1.200065  -0.526593  -0.236540
    5  LABEL        0.065982  -1.643361   2.086115   1.084480   0.486831
    6  LABEL        0.070332   0.058793  -1.835492  -1.943546  -0.997323
    7  LABEL        0.003722  -0.058897   0.168903   1.852003   1.783405
    8  LABEL        0.003308  -0.000142  -0.049081  -0.159318  -1.671033
    9  LABEL        0.426879   0.146322  -0.059284  -0.026310  -0.012036
   10  LABEL       -0.133266  -0.045741   0.018561   0.008242   0.003771

  REGULAR BETA ELECTRONIC ORBITALS AND EIGENVALUES:  

                        1          2          3          4          5

                     -2.7738    -0.1854    -0.0709    -0.0362     0.0352

    1  LABEL       -0.010198   0.707641   0.562279   0.231610   2.495036
    2  LABEL        0.023025   0.485640   0.385417   0.255041  -2.015656
    3  LABEL       -0.188525  -0.160271  -0.098790  -0.059736   0.392988
    4  LABEL       -0.568920  -0.124551  -0.056671  -0.027972   0.104192
    5  LABEL       -0.311651  -0.051312  -0.024808  -0.013136   0.063343
    6  LABEL       -0.086867  -0.013517  -0.006196  -0.003127   0.012874
    7  LABEL       -0.017328  -0.002633  -0.001264  -0.000667   0.003187
    8  LABEL       -0.004840  -0.000734  -0.000339  -0.000172   0.000729
    9  LABEL        0.004403  -0.056375  -1.351832  -1.379830  -1.643001
   10  LABEL       -0.001366   0.019685   0.050772   1.558031   0.607686

                        6          7          8          9         10

                      0.9906     6.8816    34.3337   150.6573   635.7597

    1  LABEL       -0.963673  -0.332583   0.134141  -0.059430   0.027172
    2  LABEL        1.862876   0.702721  -0.281278   0.123984  -0.056584
    3  LABEL       -2.448154  -1.425304   0.584191  -0.254866   0.115722
    4  LABEL        1.133582   2.293722  -1.200050   0.526592  -0.236540
    5  LABEL        0.066044  -1.643428   2.086092  -1.084478   0.486831
    6  LABEL        0.070350   0.058801  -1.835495   1.943544  -0.997323
    7  LABEL        0.003727  -0.058900   0.168905  -1.852003   1.783405
    8  LABEL        0.003309  -0.000142  -0.049081   0.159318  -1.671033
    9  LABEL        0.427756   0.146363  -0.059287   0.026311  -0.012036
   10  LABEL       -0.133969  -0.045777   0.018564  -0.008242   0.003771

  SPECIAL ELECTRONIC ORBITALS AND EIGENVALUES:       

                        1          2          3          4          5

                      0.0000     0.0082     0.0559     0.2284     0.9423

    1  LABEL        0.186937   0.079843  -1.595582   2.107701   0.993319
    2  LABEL        0.086286  -0.167091  -0.034511  -2.061771  -1.912059
    3  LABEL       -0.038157   0.058139   0.032047   0.360319   2.436717
    4  LABEL       -0.045620   0.043917   0.111230   0.161284  -1.089625
    5  LABEL       -0.017676   0.019564   0.034612   0.079988  -0.090612
    6  LABEL       -0.004866   0.004903   0.010979   0.017828  -0.068017
    7  LABEL       -0.000906   0.000999   0.001778   0.004020  -0.004686
    8  LABEL       -0.000262   0.000268   0.000579   0.000988  -0.003243
    9  LABEL        0.206742  -1.408564   1.809539  -1.063965  -0.427258
   10  LABEL        0.712955   1.338882  -0.631076   0.318526   0.130151

                        6          7          8          9         10

                      4.6873    21.9843    95.2655   400.8657     0.0000

    1  LABEL        0.343916  -0.135782   0.059656  -0.027202   0.000000
    2  LABEL       -0.728530   0.285025  -0.124490   0.056651   0.000000
    3  LABEL        1.461624  -0.591305   0.255871  -0.115856   0.000000
    4  LABEL       -2.306569   1.210237  -0.528353   0.236786   0.000000
    5  LABEL        1.632331  -2.092237   1.086981  -0.487248   0.000000
    6  LABEL       -0.051295   1.833545  -1.945350   0.997917   0.000000
    7  LABEL        0.057691  -0.167007   1.851745  -1.783888   0.000000
    8  LABEL        0.000368   0.048816  -0.158946   1.671077   0.000000
    9  LABEL       -0.150111   0.059901  -0.026400   0.012048   0.000000
   10  LABEL        0.046677  -0.018733   0.008267  -0.003774   0.000000

       QM PARTICLE ORBITALS AND EIGENVALUES:         

                        1          2          3          4          5

                      0.0000     0.0048     0.0587     0.4727     2.5890

    1  LABEL       -0.159628  -2.081385   6.121274   6.022104  -3.827110
    2  LABEL        0.114246   0.613554  -3.133954  -6.994237   6.286915
    3  LABEL        0.005344  -0.219782   0.929012   3.697656  -6.966793
    4  LABEL        0.006993   0.052375  -0.289294  -1.129766   3.544906
    5  LABEL       -0.000822  -0.014639   0.073128   0.307167  -0.985591
    6  LABEL        0.000919   0.001693  -0.014573  -0.048891   0.190823
    7  LABEL        0.357442   4.214170  -4.796830  -3.062091   1.797512
    8  LABEL       -1.249123  -2.492869   1.500362   0.871659  -0.504276

                        6          7          8

                      9.7730    27.4195    88.3839

    1  LABEL        2.305514  -1.452363   0.882737
    2  LABEL       -4.066613   2.594310  -1.561419
    3  LABEL        6.093240  -4.212296   2.523960
    4  LABEL       -6.222012   5.860436  -3.735875
    5  LABEL        2.566771  -5.244581   4.484328
    6  LABEL       -0.378864   1.471634  -2.971645
    7  LABEL       -1.070748   0.673976  -0.411916
    8  LABEL        0.299980  -0.188895   0.115739

          +--------------------------------------+
          |    TIMING SUMMARY FOR CALCULATION    |
          +--------------------------------------+
            TIME TO EVALUATE INTEGRALS:    4623.1534
                          TIME FOR SCF:   11183.4898

