 
 nat   =                     2
 npebf =                    19
 nebf  =                     8
 npbf  =                     6
 ngtg1 =                     8
 ngee  =                  4096
 ng1   =                  2304
 ng2   =                147456
 ng3   =               9437184
 ng4   =             603979776
 ng1prm=                 12996
 ng2prm=               4691556
 ng3prm=            1693651716
 
 PMASS   =   1.00000000000000     
 nelec   =                     4
 NAE     =                     3 = total number of regular electrons
 NBE     =                     1 = number of special electrons
 NUCST   =                     1
 LNEOHF  = F
 LXCUHF  = F
 LXCROHF = F
 LRXCHF  = F
 LRXCUHF  = T
 read_CE = F
 read_CP = F
 READ_GAM2= F
 READ_GAM3= F
 READ_GAM4= F
 NG4CHK  =                    50
 LGAM4   = T
 LG4DSCF = F
 LG4IC   = T
 NG3CHK  =                    50
 LG3DSCF = F
 LG3IC1  = T
 LG3IC2  = F
 NG2CHK  =                    50
 LG2DSCF = F
 LG2IC1  = T
 LCMF    = F
 LSOSCF  = T
 LOCBSE  = T
 EXCHLEV =                     1  (=2: fe; =1: ae; =0: ne)
 NAalpE =                     1 = number of alpha regular electrons
 NAbetE =                     2 = number of beta regular electrons
 Geminal parameters: k, b_k, gamm_k
                     1   4.87920000000000       1.533000000000000E-002
                     2   18.6874000000000       4.988000000000000E-002
                     3   21.1435000000000       0.557580000000000     
                     4   25.8560100000000       0.160320000000000     
                     5   13.4063000000000        2.34570000000000     
                     6   7.18280000000000        13.7323000000000     
                     7   2.98040000000000        154.961000000000     
                     8  0.549400000000000        1088.60000000000     
 
 
 ========================================
 
  Running open shell RXCHF calculation
  performed at the RXCHF-ae level
 
 ========================================
 
 
  CHECK CONTRACTED ELECTRONIC BASIS FUNCTIONS 
 CONT INDEX    KPESTR     KPEEND

   1     1    5

   2     6   10

   3    11   11

   4    12   13

   5    14   14

   6    15   17

   7    18   18

   8    19   19
 
 ELECTRONIC BASIS FUNCTIONS:
 
 PRIM  CONT    ANG       EXPONENT CONTRACT  -X- -Y- -Z-
 INDEX INDEX   MOM                  COEF

   1     1    0  0  0  266.430000  0.006527  0.000000  0.000000 -1.507500

   2     1    0  0  0   40.160000  0.048065  0.000000  0.000000 -1.507500

   3     1    0  0  0    9.108200  0.200950  0.000000  0.000000 -1.507500

   4     1    0  0  0    2.454300  0.470070  0.000000  0.000000 -1.507500

   5     1    0  0  0    0.696260  0.431300  0.000000  0.000000 -1.507500

   6     2    0  0  0   40.160000  0.000011  0.000000  0.000000 -1.507500

   7     2    0  0  0    9.108200 -0.002685  0.000000  0.000000 -1.507500

   8     2    0  0  0    2.454300 -0.018711  0.000000  0.000000 -1.507500

   9     2    0  0  0    0.696260 -0.088948  0.000000  0.000000 -1.507500

  10     2    0  0  0    0.083726  0.518360  0.000000  0.000000 -1.507500

  11     3    0  0  0    0.030827  1.000000  0.000000  0.000000 -1.507500

  12     4    0  0  1    1.620000  0.041655  0.000000  0.000000 -1.507500

  13     4    0  0  1    0.320000  0.110445  0.000000  0.000000 -1.507500

  14     5    0  0  1    0.090000  1.000000  0.000000  0.000000 -1.507500

  15     6    0  0  0   12.252000  0.022822  0.000000  0.000000  1.507500

  16     6    0  0  0    1.868700  0.155640  0.000000  0.000000  1.507500

  17     6    0  0  0    0.418210  0.488980  0.000000  0.000000  1.507500

  18     7    0  0  0    0.106100  1.000000  0.000000  0.000000  1.507500

  19     8    0  0  1    1.000000  1.000000  0.000000  0.000000  1.507500
 ELECTRONIC BASIS FUNCTIONS:
 CONTRACT COEFF HAVE BEEN NORMALIZED
 
 PRIM  CONT    ANG       EXPONENT CONTRACT  -X- -Y- -Z-
 INDEX INDEX   MOM                  COEF

   1     1    0  0  0  266.430000  0.307617  0.000000  0.000000 -1.507500

   2     1    0  0  0   40.160000  0.548021  0.000000  0.000000 -1.507500

   3     1    0  0  0    9.108200  0.752983  0.000000  0.000000 -1.507500

   4     1    0  0  0    2.454300  0.658766  0.000000  0.000000 -1.507500

   5     1    0  0  0    0.696260  0.234953  0.000000  0.000000 -1.507500

   6     2    0  0  0   40.160000  0.000261  0.000000  0.000000 -1.507500

   7     2    0  0  0    9.108200 -0.020899  0.000000  0.000000 -1.507500

   8     2    0  0  0    2.454300 -0.054472  0.000000  0.000000 -1.507500

   9     2    0  0  0    0.696260 -0.100657  0.000000  0.000000 -1.507500

  10     2    0  0  0    0.083726  0.119786  0.000000  0.000000 -1.507500

  11     3    0  0  0    0.030827  0.052433  0.000000  0.000000 -1.507500

  12     4    0  0  1    1.620000  0.802169  0.000000  0.000000 -1.507500

  13     4    0  0  1    0.320000  0.280084  0.000000  0.000000 -1.507500

  14     5    0  0  1    0.090000  0.070266  0.000000  0.000000 -1.507500

  15     6    0  0  0   12.252000  0.173699  0.000000  0.000000  1.507500

  16     6    0  0  0    1.868700  0.289111  0.000000  0.000000  1.507500

  17     6    0  0  0    0.418210  0.295547  0.000000  0.000000  1.507500

  18     7    0  0  0    0.106100  0.132494  0.000000  0.000000  1.507500

  19     8    0  0  1    1.000000  1.425411  0.000000  0.000000  1.507500
 
 NUCLEAR BASIS FUNCTIONS:
 
 PRIM  CONT    ANG       EXPONENT CONTRACT  -X- -Y- -Z-
 INDEX INDEX   MOM                  COEF

   1     1    0  0  0    0.571000  1.000000  0.000000  0.000000 -1.507500

   2     2    0  0  0    0.336000  1.000000  0.000000  0.000000  1.507500

   3     3    0  0  0    0.082000  1.000000  0.000000  0.000000 -1.513671

   4     4    0  0  0    1.691200  1.000000  0.000000  0.000000  1.670518

   5     5    0  0  0    0.020000  1.000000  0.000000  0.000000  1.697919

   6     6    0  0  0    0.010000  1.000000  0.000000  0.000000  6.518610
 
 NUCLEAR BASIS FUNCTIONS:
 CONTRACT COEFF HAVE BEEN NORMALIZED
 
 PRIM  CONT    ANG       EXPONENT CONTRACT  -X- -Y- -Z-
 INDEX INDEX   MOM                  COEF

   1     1    0  0  0    0.571000  0.468152  0.000000  0.000000 -1.507500

   2     2    0  0  0    0.336000  0.314532  0.000000  0.000000  1.507500

   3     3    0  0  0    0.082000  0.109212  0.000000  0.000000 -1.513671

   4     4    0  0  0    1.691200  1.056955  0.000000  0.000000  1.670518

   5     5    0  0  0    0.020000  0.037904  0.000000  0.000000  1.697919

   6     6    0  0  0    0.010000  0.022538  0.000000  0.000000  6.518610
 
 CONTRACTED ELECTRONIC OVERLAP MATRIX
 

             1           2           3           4           5

    1    1.0000000
    2    0.1528486   1.0000000
    3    0.1683471   0.8503679   1.0000000
    4    0.0000000   0.0000000   0.0000000   1.0000000
    5    0.0000000   0.0000000   0.0000000   0.5500972   1.0000000
    6    0.0413490   0.3151585   0.2462626   0.2836366   0.4603752
    7    0.1597845   0.6494606   0.6144624   0.2898743   0.6255116
    8   -0.0279138  -0.0863025  -0.0273191  -0.2194898  -0.0531865

             6           7           8

    6    1.0000000
    7    0.6541453   1.0000000
    8    0.0000000   0.0000000   1.0000000
 
 NUCLEAR OVERLAP MATRIX
 

             1           2           3           4           5

    1    1.0000000
    2    0.1387674   1.0000000
    3    0.5395249   0.3878039   1.0000000
    4    0.0108637   0.6365986   0.1231797   1.0000000
    5    0.1783153   0.3123199   0.5994530   0.0996566   1.0000000
    6    0.0704381   0.1519779   0.2763654   0.0473240   0.7840642

             6

    6    1.0000000
 
 **************************************
  CALCULATING ELEC+NUC CORE INTEGRALS  
 **************************************
 
 all done in calc_GAM_epcore
 
 **************************************
     Computing GAM_ep Integrals    
 **************************************
 
 got here
 all done in calc_GAM_ep
 
 **************************************
     Computing GAM_ee Integrals    
 
 nebf =                     8
 npebf=                    19
 ngee =                  4096
 **************************************
 
 all done in calc_GAM_ee
 
 **************************************
        GAM_1 Integrals    
 
 METHOD = MD
 npebf  =                    19
 nebf   =                     8
 npbf   =                     6
 ng1    =                  2304
  Available processors:           16
  Available threads               16
  Threads in use                   1
 **************************************
 
  Hello from process                      2
  Hello from process                      8
  Hello from process                      6
  Hello from process                      3
  Hello from process                      9
  Hello from process                      5
  Hello from process                      4
  Hello from process                      0
 Threads in use          16
  Hello from process                      1
  Hello from process                      7
  Hello from process                     10
  Hello from process                     15
  Hello from process                     12
  Hello from process                     14
  Hello from process                     13
  Hello from process                     11
 TIME TO CALCULATE GAM_1 INTEGRALS:    18.3278570175171     

      +---------------------------------------------+
      |     CALCULATING 3-PARTICLE INTEGRALS        |
      |            --IN-CORE APPROACH--             |
      +---------------------------------------------+
                                  
           NUMBER OF 3-PARTICLE INTEGRALS:        147456
          NUMBER OF BLOCKS (USER DEFINED):            50
                                  
          COMPUTATIONAL RESOURCES:
          ------------------------
             CORES PER NODE:  16
                  AVAILABLE:  16
            NUMBER OF NODES:   1

            TIME TO EVALUATE BLOCK     1      13.40
            TIME TO EVALUATE BLOCK     2      12.18
            TIME TO EVALUATE BLOCK     3      11.83
            TIME TO EVALUATE BLOCK     4      10.81
            TIME TO EVALUATE BLOCK     5      14.60
            TIME TO EVALUATE BLOCK     6      11.84
            TIME TO EVALUATE BLOCK     7      12.62
            TIME TO EVALUATE BLOCK     8      13.05
            TIME TO EVALUATE BLOCK     9      12.60
            TIME TO EVALUATE BLOCK    10      12.32
            TIME TO EVALUATE BLOCK    11      11.72
            TIME TO EVALUATE BLOCK    12      13.99
            TIME TO EVALUATE BLOCK    13      11.92
            TIME TO EVALUATE BLOCK    14      15.25
            TIME TO EVALUATE BLOCK    15      12.72
            TIME TO EVALUATE BLOCK    16      13.47
            TIME TO EVALUATE BLOCK    17      12.02
            TIME TO EVALUATE BLOCK    18      11.95
            TIME TO EVALUATE BLOCK    19      13.95
            TIME TO EVALUATE BLOCK    20      11.51
            TIME TO EVALUATE BLOCK    21      12.41
            TIME TO EVALUATE BLOCK    22      13.17
            TIME TO EVALUATE BLOCK    23      13.52
            TIME TO EVALUATE BLOCK    24      11.71
            TIME TO EVALUATE BLOCK    25      12.23
            TIME TO EVALUATE BLOCK    26      14.78
            TIME TO EVALUATE BLOCK    27      13.19
            TIME TO EVALUATE BLOCK    28      12.56
            TIME TO EVALUATE BLOCK    29      12.06
            TIME TO EVALUATE BLOCK    30      14.82
            TIME TO EVALUATE BLOCK    31      12.08
            TIME TO EVALUATE BLOCK    32      13.95
            TIME TO EVALUATE BLOCK    33      14.11
            TIME TO EVALUATE BLOCK    34      12.50
            TIME TO EVALUATE BLOCK    35      12.12
            TIME TO EVALUATE BLOCK    36      11.69
            TIME TO EVALUATE BLOCK    37      13.54
            TIME TO EVALUATE BLOCK    38      12.43
            TIME TO EVALUATE BLOCK    39      15.25
            TIME TO EVALUATE BLOCK    40      12.55
            TIME TO EVALUATE BLOCK    41      13.11
            TIME TO EVALUATE BLOCK    42      11.90
            TIME TO EVALUATE BLOCK    43      12.26
            TIME TO EVALUATE BLOCK    44      14.04
            TIME TO EVALUATE BLOCK    45      11.61
            TIME TO EVALUATE BLOCK    46      12.97
            TIME TO EVALUATE BLOCK    47      12.70
            TIME TO EVALUATE BLOCK    48      13.50
            TIME TO EVALUATE BLOCK    49      11.76
            TIME TO EVALUATE BLOCK    50      12.19

          TIMING SUMMARY FOR 3-PARTICLE INTEGRALS:
          ----------------------------------------
            TIME TO EVALUATE ALL INTEGRALS:     640.4402
              TIME TO SYMMETRIZE INTEGRALS:       0.0048

 Using LOCBSE2
 Adding OMG2 Exchange Terms
 READ IN NUC REPULSION
 
 READ IN NUC OVLAP
 READ IN ELEC OVLAP
 READ IN GAM_ECORE
 READ IN GAM_PCORE
 READ IN GAM_EP
 READ IN GAM_EE
 
 ABOUT TO CALL guess_A_elec
 BACK FROM guess_elec for OCBSE
 ABOUT TO CALL guess_prot
 BACK FROM guess_prot
 

       ** BEGIN RXCHF SELF-CONSISTENT-FIELD CALCULATION **

           INITIAL GUESS ENERGETICS:            

      -----------------------------------------------
               NEORXCHF ENERGETIC COMPONENTS          
      -----------------------------------------------
                E_NUC=         0.9950248756
              E_ECORE=       -11.1724020633
                 E_EE=         2.6918982108
               E_OMG1=        -0.6462131917
               E_OMG2=         0.8430681317
              S_TOTAL=         2.5526046749
              E_TOTAL=        -7.2886240369


 STARTING MICROITERATIONS FOR ITERATION   1

 ITER      TOTAL ENERGY        E CHANGE       ALPHA DENS       BETA DENS        SPEC DENS        QMP DENS         ORBGRAD_B 
   1       -7.8758794439    -7.8758794439     0.9950435654     1.0079824045     0.6474759958     2.1538246862     0.0000000000
          ---------------START SECOND ORDER SCF---------------
   2       -7.9110527563    -0.0351733124     0.0093066111     0.0353728175     0.5606235372     2.1538246862     0.0631383282
   3       -7.9160138188    -0.0049610625     0.0012669953     0.0810765736     0.3634517341     2.1538246862     0.0350862528
   4       -7.9183057699    -0.0022919510     0.0007102402     0.0222434851     0.1077294342     2.1538246862     0.0301899631
   5       -7.9189137525    -0.0006079826     0.0002097726     0.0244051733     0.0094486292     2.1538246862     0.0193105861
   6       -7.9190649058    -0.0001511534     0.0001082729     0.0132606452     0.0280111049     2.1538246862     0.0057334939
   7       -7.9190912769    -0.0000263711     0.0000781581     0.0060354036     0.0131343502     2.1538246862     0.0016088695
   8       -7.9190944304    -0.0000031535     0.0000401271     0.0004207737     0.0057489712     2.1538246862     0.0001532538
   9       -7.9190943417     0.0000000887     0.0000182578     0.0006568679     0.0004110045     2.1538246862     0.0002597767
  10       -7.9190949509    -0.0000006092     0.0000076470     0.0012881448     0.0006375333     2.1538246862     0.0005654310
  11       -7.9190950691    -0.0000001182     0.0000054600     0.0000304548     0.0012339251     2.1538246862     0.0000273475
  12       -7.9190951143    -0.0000000453     0.0000023863     0.0001249150     0.0000124117     2.1538246862     0.0000611881
  13       -7.9190951475    -0.0000000331     0.0000005132     0.0000987672     0.0001752663     2.1538246862     0.0001571743
  14       -7.9190951604    -0.0000000129     0.0000007145     0.0000255131     0.0001198298     2.1538246862     0.0000567154
  15       -7.9190951594     0.0000000010     0.0000002785     0.0000645224     0.0000214214     2.1538246862     0.0000404641
  16       -7.9190951660    -0.0000000067     0.0000002833     0.0000348429     0.0000528627     2.1538246862     0.0000138221
  17       -7.9190951716    -0.0000000055     0.0000001445     0.0000085243     0.0000330147     2.1538246862     0.0000029224
  18       -7.9190951742    -0.0000000027     0.0000000866     0.0000047346     0.0000083851     2.1538246862     0.0000009846
  19       -7.9190951752    -0.0000000009     0.0000000304     0.0000016348     0.0000045701     2.1538246862     0.0000005114
  20       -7.9190951754    -0.0000000002     0.0000000212     0.0000007001     0.0000015504     2.1538246862     0.0000003790
  21       -7.9190951753     0.0000000000     0.0000000029     0.0000000384     0.0000006762     2.1538246862     0.0000000195
 CONVERGED ITERATION   1 IN  21 MICROITERATIONS


 STARTING MICROITERATIONS FOR ITERATION   2

 ITER      TOTAL ENERGY        E CHANGE       ALPHA DENS       BETA DENS        SPEC DENS        QMP DENS         ORBGRAD_B 
   1       -7.9614849150    -0.0423897397     0.0008985808     0.0125712872     0.2877570524     0.2508128853     0.0000000000
          ---------------START SECOND ORDER SCF---------------
   2       -7.9617343069    -0.0002493919     0.0007800772     0.0174826486     0.0033227134     0.2508128853     0.0121359645
   3       -7.9618208262    -0.0000865193     0.0000655426     0.0115844350     0.0225309582     0.2508128853     0.0047994442
   4       -7.9618340170    -0.0000131908     0.0000615859     0.0033970679     0.0148281523     0.2508128853     0.0009330410
   5       -7.9618339393     0.0000000777     0.0000393045     0.0030241632     0.0040734284     0.2508128853     0.0004320086
   6       -7.9618343726    -0.0000004334     0.0000152452     0.0016557679     0.0042513017     0.2508128853     0.0007198720
   7       -7.9618345388    -0.0000001662     0.0000250941     0.0007110682     0.0023514674     0.2508128853     0.0003243732
   8       -7.9618346367    -0.0000000979     0.0000052982     0.0001578944     0.0008790401     0.2508128853     0.0001184185
   9       -7.9618346215     0.0000000151     0.0000015608     0.0000558047     0.0000779352     0.2508128853     0.0000579964
  10       -7.9618346183     0.0000000033     0.0000003490     0.0000164408     0.0000186095     0.2508128853     0.0000113341
  11       -7.9618346164     0.0000000019     0.0000000783     0.0000088991     0.0000220748     0.2508128853     0.0000041246
  12       -7.9618346143     0.0000000021     0.0000000587     0.0000009415     0.0000123702     0.2508128853     0.0000005919
  13       -7.9618346136     0.0000000007     0.0000000418     0.0000035171     0.0000013820     0.2508128853     0.0000009300
  14       -7.9618346136     0.0000000001     0.0000000086     0.0000032873     0.0000014109     0.2508128853     0.0000013684
  15       -7.9618346135     0.0000000001     0.0000000244     0.0000003141     0.0000016705     0.2508128853     0.0000011042
  16       -7.9618346136    -0.0000000001     0.0000000036     0.0000017529     0.0000001638     0.2508128853     0.0000010571
  17       -7.9618346135     0.0000000001     0.0000000062     0.0000005132     0.0000018176     0.2508128853     0.0000005715
  18       -7.9618346133     0.0000000001     0.0000000039     0.0000023543     0.0000006631     0.2508128853     0.0000004510
  19       -7.9618346131     0.0000000002     0.0000000116     0.0000014380     0.0000030615     0.2508128853     0.0000005729
  20       -7.9618346131     0.0000000001     0.0000000142     0.0000003531     0.0000018083     0.2508128853     0.0000002062
  21       -7.9618346131    -0.0000000001     0.0000000052     0.0000000866     0.0000004709     0.2508128853     0.0000000582
 CONVERGED ITERATION   2 IN  21 MICROITERATIONS


 STARTING MICROITERATIONS FOR ITERATION   3

 ITER      TOTAL ENERGY        E CHANGE       ALPHA DENS       BETA DENS        SPEC DENS        QMP DENS         ORBGRAD_B 
   1       -7.9696849130    -0.0078502998     0.0001165028     0.0020537979     0.0231705024     1.7699715129     0.0000000000
          ---------------START SECOND ORDER SCF---------------
   2       -7.9696856327    -0.0000007197     0.0001233599     0.0024959081     0.0014058318     1.7699715129     0.0014152689
   3       -7.9696865261    -0.0000008935     0.0000132878     0.0017339950     0.0027840920     1.7699715129     0.0006133613
   4       -7.9696864410     0.0000000852     0.0000079378     0.0002495372     0.0019603913     1.7699715129     0.0000947172
   5       -7.9696735564     0.0000128845     0.0000052296     0.0061301485     0.0003440585     1.7699715129     0.0000914610
   6       -7.9696833916    -0.0000098352     0.0000295866     0.0059031144     0.0086414495     1.7699715129     0.0025919650
   7       -7.9696855308    -0.0000021391     0.0000526316     0.0010303197     0.0083265639     1.7699715129     0.0005136365
   8       -7.9696860986    -0.0000005679     0.0000214864     0.0004447724     0.0014273366     1.7699715129     0.0003922116
   9       -7.9696861392    -0.0000000406     0.0000025437     0.0002018606     0.0006256147     1.7699715129     0.0001269704
  10       -7.9696861966    -0.0000000573     0.0000013067     0.0003239736     0.0002813455     1.7699715129     0.0000696092
  11       -7.9696862441    -0.0000000475     0.0000010215     0.0001200281     0.0004403643     1.7699715129     0.0000401659
  12       -7.9696862597    -0.0000000156     0.0000018937     0.0000504928     0.0001608034     1.7699715129     0.0000286716
  13       -7.9696862570     0.0000000027     0.0000004170     0.0000040422     0.0000700982     1.7699715129     0.0000038326
  14       -7.9696862606    -0.0000000036     0.0000001086     0.0000068308     0.0000008667     1.7699715129     0.0000048349
  15       -7.9696862616    -0.0000000010     0.0000000447     0.0000033651     0.0000092326     1.7699715129     0.0000030948
  16       -7.9696862622    -0.0000000006     0.0000000216     0.0000027318     0.0000037862     1.7699715129     0.0000014724
  17       -7.9696862626    -0.0000000004     0.0000000129     0.0000011831     0.0000039712     1.7699715129     0.0000004015
  18       -7.9696862628    -0.0000000002     0.0000000159     0.0000022601     0.0000005406     1.7699715129     0.0000002379
  19       -7.9696862629    -0.0000000001     0.0000000057     0.0000014128     0.0000021725     1.7699715129     0.0000004180
  20       -7.9696862630    -0.0000000001     0.0000000084     0.0000002305     0.0000013546     1.7699715129     0.0000001378
  21       -7.9696862629     0.0000000000     0.0000000033     0.0000000739     0.0000003150     1.7699715129     0.0000000347
 CONVERGED ITERATION   3 IN  21 MICROITERATIONS


 STARTING MICROITERATIONS FOR ITERATION   4

 ITER      TOTAL ENERGY        E CHANGE       ALPHA DENS       BETA DENS        SPEC DENS        QMP DENS         ORBGRAD_B 
   1       -7.9734103090    -0.0037240461     0.0001071586     0.0013610490     0.0425516706     0.6388730962     0.0000000000
          ---------------START SECOND ORDER SCF---------------
   2       -7.9734122716    -0.0000019626     0.0001742094     0.0028148539     0.0007084103     0.6388730962     0.0017899253
   3       -7.9734136034    -0.0000013318     0.0000115799     0.0015508465     0.0037620023     0.6388730962     0.0006332980
   4       -7.9734136097    -0.0000000063     0.0000097359     0.0006868519     0.0019419944     0.6388730962     0.0002201604
   5       -7.9734134846     0.0000001251     0.0000055309     0.0000750559     0.0010324750     0.6388730962     0.0000512894
   6       -7.9732515254     0.0001619592     0.0000039545     0.0157895975     0.0000944580     0.6388730962     0.0000443610
   7       -7.9733881891    -0.0001366636     0.0000331104     0.0156867790     0.0207473698     0.6388730962     0.0062013243
   8       -7.9734099746    -0.0000217855     0.0000907421     0.0021208796     0.0205040035     0.6388730962     0.0014312741
   9       -7.9734124759    -0.0000025014     0.0000531198     0.0009262382     0.0025873297     0.6388730962     0.0007177720
  10       -7.9734130404    -0.0000005644     0.0000029705     0.0005731352     0.0011492995     0.6388730962     0.0003131902
  11       -7.9734132541    -0.0000002138     0.0000036606     0.0003923675     0.0007334366     0.6388730962     0.0001102554
  12       -7.9734133395    -0.0000000853     0.0000035654     0.0000390042     0.0004536399     0.6388730962     0.0000351251
  13       -7.9734133554    -0.0000000159     0.0000018775     0.0000494921     0.0000197801     0.6388730962     0.0000464507
  14       -7.9734133634    -0.0000000081     0.0000002355     0.0000293375     0.0000694774     0.6388730962     0.0000429904
  15       -7.9734133713    -0.0000000079     0.0000003459     0.0000305535     0.0000305268     0.6388730962     0.0000283640
  16       -7.9734133767    -0.0000000054     0.0000001095     0.0000558415     0.0000425172     0.6388730962     0.0000255312
  17       -7.9734133823    -0.0000000056     0.0000002099     0.0000379256     0.0000595813     0.6388730962     0.0000138854
  18       -7.9734133862    -0.0000000039     0.0000001194     0.0000133183     0.0000181259     0.6388730962     0.0000037942
  19       -7.9734133880    -0.0000000018     0.0000000584     0.0000014768     0.0000074786     0.6388730962     0.0000006743
  20       -7.9734133886    -0.0000000006     0.0000000182     0.0000008186     0.0000018939     0.6388730962     0.0000002652
  21       -7.9734133886     0.0000000000     0.0000000108     0.0000001291     0.0000005559     0.6388730962     0.0000000682
 CONVERGED ITERATION   4 IN  21 MICROITERATIONS


 STARTING MICROITERATIONS FOR ITERATION   5

 ITER      TOTAL ENERGY        E CHANGE       ALPHA DENS       BETA DENS        SPEC DENS        QMP DENS         ORBGRAD_B 
   1       -7.9744851971    -0.0010718084     0.0000789281     0.0013000891     0.0464087509     0.3161874779     0.0000000000
          ---------------START SECOND ORDER SCF---------------
   2       -7.9744870942    -0.0000018971     0.0001593214     0.0026272288     0.0005448944     0.3161874779     0.0017235692
   3       -7.9744883927    -0.0000012985     0.0000107170     0.0014502375     0.0036862871     0.3161874779     0.0006121325
   4       -7.9744884075    -0.0000000149     0.0000098450     0.0008469851     0.0019349837     0.3161874779     0.0002241071
   5       -7.9744882641     0.0000001434     0.0000059713     0.0001035722     0.0012468081     0.3161874779     0.0000869575
   6       -7.9744882106     0.0000000535     0.0000051157     0.0001337014     0.0001222741     0.3161874779     0.0000770817
   7       -7.9744882072     0.0000000035     0.0000002786     0.0000700405     0.0001970719     0.3161874779     0.0000500305
   8       -7.9744881904     0.0000000168     0.0000008565     0.0000403317     0.0000545947     0.3161874779     0.0000248055
   9       -7.9744881881     0.0000000023     0.0000001706     0.0000325703     0.0000403002     0.3161874779     0.0000105326
  10       -7.9744881831     0.0000000050     0.0000001388     0.0000070335     0.0000486716     0.3161874779     0.0000032826
  11       -7.9744881808     0.0000000023     0.0000002019     0.0000041408     0.0000106214     0.3161874779     0.0000034942
  12       -7.9744881808    -0.0000000001     0.0000000212     0.0000018990     0.0000061619     0.3161874779     0.0000011127
  13       -7.9744881804     0.0000000005     0.0000000138     0.0000031704     0.0000027769     0.3161874779     0.0000006891
  14       -7.9744881800     0.0000000004     0.0000000107     0.0000012910     0.0000046280     0.3161874779     0.0000004810
  15       -7.9744881798     0.0000000002     0.0000000222     0.0000005587     0.0000018917     0.3161874779     0.0000003598
  16       -7.9744881798     0.0000000000     0.0000000053     0.0000000115     0.0000008226     0.3161874779     0.0000000062
 CONVERGED ITERATION   5 IN  16 MICROITERATIONS


 STARTING MICROITERATIONS FOR ITERATION   6

 ITER      TOTAL ENERGY        E CHANGE       ALPHA DENS       BETA DENS        SPEC DENS        QMP DENS         ORBGRAD_B 
   1       -7.9746456699    -0.0001574900     0.0000357412     0.0005747424     0.0229680894     0.1064610723     0.0000000000
          ---------------START SECOND ORDER SCF---------------
   2       -7.9746452796     0.0000003903     0.0000770343     0.0013163925     0.0001834525     0.1064610723     0.0008550254
   3       -7.9746455283    -0.0000002487     0.0000057443     0.0007537164     0.0018352315     0.1064610723     0.0003157940
   4       -7.9746454505     0.0000000778     0.0000051093     0.0004027680     0.0010276185     0.1064610723     0.0001083989
   5       -7.9746453606     0.0000000899     0.0000031638     0.0000371687     0.0005930415     0.1064610723     0.0000364808
   6       -7.9746453263     0.0000000343     0.0000023654     0.0000843469     0.0000081074     0.1064610723     0.0000326019
   7       -7.9746453203     0.0000000060     0.0000002691     0.0000510597     0.0001288937     0.1064610723     0.0000367681
   8       -7.9746453109     0.0000000094     0.0000006924     0.0000198394     0.0000160512     0.1064610723     0.0000098418
   9       -7.9746453104     0.0000000005     0.0000000520     0.0000061047     0.0000293228     0.1064610723     0.0000021875
  10       -7.9746453086     0.0000000018     0.0000000708     0.0000236738     0.0000053730     0.1064610723     0.0000020427
  11       -7.9746453071     0.0000000016     0.0000001231     0.0000194471     0.0000310615     0.1064610723     0.0000078864
  12       -7.9746453060     0.0000000010     0.0000002085     0.0000035029     0.0000244886     0.1064610723     0.0000021288
  13       -7.9746453072    -0.0000000011     0.0000000670     0.0000014460     0.0000054094     0.1064610723     0.0000009151
  14       -7.9746453070     0.0000000002     0.0000000142     0.0000006222     0.0000014285     0.1064610723     0.0000002285
  15       -7.9746453070    -0.0000000001     0.0000000021     0.0000002710     0.0000001769     0.1064610723     0.0000000556
 CONVERGED ITERATION   6 IN  15 MICROITERATIONS


 STARTING MICROITERATIONS FOR ITERATION   7

 ITER      TOTAL ENERGY        E CHANGE       ALPHA DENS       BETA DENS        SPEC DENS        QMP DENS         ORBGRAD_B 
   1       -7.9746607267    -0.0000154196     0.0000117366     0.0001734445     0.0076532270     0.0307073804     0.0000000000
          ---------------START SECOND ORDER SCF---------------
   2       -7.9746602815     0.0000004452     0.0000257056     0.0004508241     0.0000685567     0.0307073804     0.0002887518
   3       -7.9746602666     0.0000000149     0.0000020534     0.0002649313     0.0006198873     0.0307073804     0.0001093953
   4       -7.9746602184     0.0000000482     0.0000017637     0.0001296298     0.0003615423     0.0307073804     0.0000354492
   5       -7.9746601839     0.0000000345     0.0000011031     0.0000155010     0.0001905791     0.0307073804     0.0000108221
   6       -7.9746601712     0.0000000127     0.0000007254     0.0000419559     0.0000140714     0.0307073804     0.0000092479
   7       -7.9746601667     0.0000000044     0.0000001390     0.0000272037     0.0000642581     0.0307073804     0.0000133803
   8       -7.9746601639     0.0000000029     0.0000004065     0.0000090323     0.0000324745     0.0307073804     0.0000048103
   9       -7.9746601649    -0.0000000010     0.0000000679     0.0000011607     0.0000123158     0.0307073804     0.0000005586
  10       -7.9746601643     0.0000000006     0.0000000276     0.0000120722     0.0000006109     0.0307073804     0.0000009352
  11       -7.9746601640     0.0000000004     0.0000000494     0.0000105476     0.0000104548     0.0307073804     0.0000040811
  12       -7.9746601635     0.0000000004     0.0000000758     0.0000009595     0.0000089055     0.0307073804     0.0000011636
  13       -7.9746601640    -0.0000000005     0.0000000221     0.0000003800     0.0000011594     0.0307073804     0.0000004519
  14       -7.9746601640     0.0000000001     0.0000000009     0.0000009586     0.0000001352     0.0307073804     0.0000003471
 CONVERGED ITERATION   7 IN  14 MICROITERATIONS


 STARTING MICROITERATIONS FOR ITERATION   8

 ITER      TOTAL ENERGY        E CHANGE       ALPHA DENS       BETA DENS        SPEC DENS        QMP DENS         ORBGRAD_B 
   1       -7.9746615112    -0.0000013472     0.0000034135     0.0000476718     0.0022338765     0.0085474286     0.0000000000
          ---------------START SECOND ORDER SCF---------------
   2       -7.9746613455     0.0000001657     0.0000075182     0.0001335086     0.0000207217     0.0085474286     0.0000849110
   3       -7.9746613300     0.0000000155     0.0000006181     0.0000793323     0.0001822421     0.0085474286     0.0000324945
   4       -7.9746613133     0.0000000166     0.0000005226     0.0000372816     0.0001079996     0.0085474286     0.0000102637
   5       -7.9746613027     0.0000000106     0.0000003281     0.0000055870     0.0000547655     0.0085474286     0.0000030172
   6       -7.9746612990     0.0000000038     0.0000002030     0.0000138621     0.0000062134     0.0085474286     0.0000025998
   7       -7.9746612973     0.0000000017     0.0000000471     0.0000088813     0.0000210259     0.0085474286     0.0000046907
   8       -7.9746612965     0.0000000008     0.0000001369     0.0000028418     0.0000123659     0.0085474286     0.0000015705
   9       -7.9746612969    -0.0000000004     0.0000000284     0.0000002027     0.0000039475     0.0085474286     0.0000001735
  10       -7.9746612968     0.0000000002     0.0000000096     0.0000002622     0.0000001590     0.0085474286     0.0000002465
 CONVERGED ITERATION   8 IN  10 MICROITERATIONS


 STARTING MICROITERATIONS FOR ITERATION   9

 ITER      TOTAL ENERGY        E CHANGE       ALPHA DENS       BETA DENS        SPEC DENS        QMP DENS         ORBGRAD_B 
   1       -7.9746614237    -0.0000001270     0.0000009598     0.0000130613     0.0006286098     0.0023712750     0.0000000000
          ---------------START SECOND ORDER SCF---------------
   2       -7.9746613740     0.0000000498     0.0000021162     0.0000377718     0.0000059314     0.0023712750     0.0000240042
   3       -7.9746613686     0.0000000054     0.0000001763     0.0000225715     0.0000514929     0.0023712750     0.0000092303
   4       -7.9746613637     0.0000000049     0.0000001481     0.0000104205     0.0000307678     0.0023712750     0.0000028744
   5       -7.9746613606     0.0000000030     0.0000000932     0.0000017287     0.0000152965     0.0023712750     0.0000008303
   6       -7.9746613596     0.0000000011     0.0000000559     0.0000040172     0.0000020557     0.0023712750     0.0000007173
   7       -7.9746613591     0.0000000005     0.0000000141     0.0000025324     0.0000060512     0.0023712750     0.0000013579
   8       -7.9746613588     0.0000000002     0.0000000398     0.0000008222     0.0000036974     0.0023712750     0.0000004552
   9       -7.9746613590    -0.0000000001     0.0000000088     0.0000000526     0.0000011519     0.0023712750     0.0000000566
  10       -7.9746613589     0.0000000000     0.0000000029     0.0000000526     0.0000000905     0.0023712750     0.0000000629
 CONVERGED ITERATION   9 IN  10 MICROITERATIONS


 STARTING MICROITERATIONS FOR ITERATION  10

 ITER      TOTAL ENERGY        E CHANGE       ALPHA DENS       BETA DENS        SPEC DENS        QMP DENS         ORBGRAD_B 
   1       -7.9746613747    -0.0000000157     0.0000002676     0.0000036103     0.0001752303     0.0006584500     0.0000000000
          ---------------START SECOND ORDER SCF---------------
   2       -7.9746613605     0.0000000141     0.0000005901     0.0000105474     0.0000016571     0.0006584500     0.0000066937
   3       -7.9746613590     0.0000000016     0.0000000493     0.0000063099     0.0000143614     0.0006584500     0.0000025766
   4       -7.9746613576     0.0000000014     0.0000000413     0.0000028986     0.0000085929     0.0006584500     0.0000008005
   5       -7.9746613567     0.0000000009     0.0000000260     0.0000004908     0.0000042547     0.0006584500     0.0000002300
   6       -7.9746613564     0.0000000003     0.0000000155     0.0000011255     0.0000005916     0.0006584500     0.0000001988
   7       -7.9746613563     0.0000000001     0.0000000040     0.0000007069     0.0000016926     0.0006584500     0.0000003800
   8       -7.9746613562     0.0000000001     0.0000000111     0.0000002305     0.0000010421     0.0006584500     0.0000001277
   9       -7.9746613562     0.0000000000     0.0000000025     0.0000000164     0.0000003236     0.0006584500     0.0000000170
 CONVERGED ITERATION  10 IN   9 MICROITERATIONS


 STARTING MICROITERATIONS FOR ITERATION  11

 ITER      TOTAL ENERGY        E CHANGE       ALPHA DENS       BETA DENS        SPEC DENS        QMP DENS         ORBGRAD_B 
   1       -7.9746613591    -0.0000000028     0.0000000742     0.0000009941     0.0000486760     0.0001828784     0.0000000000
          ---------------START SECOND ORDER SCF---------------
   2       -7.9746613551     0.0000000039     0.0000001640     0.0000029335     0.0000004627     0.0001828784     0.0000018606
   3       -7.9746613547     0.0000000004     0.0000000137     0.0000017586     0.0000039927     0.0001828784     0.0000007175
   4       -7.9746613543     0.0000000004     0.0000000115     0.0000008020     0.0000023956     0.0001828784     0.0000002219
   5       -7.9746613541     0.0000000002     0.0000000072     0.0000001409     0.0000011769     0.0001828784     0.0000000630
   6       -7.9746613540     0.0000000001     0.0000000043     0.0000003145     0.0000001741     0.0001828784     0.0000000546
 CONVERGED ITERATION  11 IN   6 MICROITERATIONS


 STARTING MICROITERATIONS FOR ITERATION  12

 ITER      TOTAL ENERGY        E CHANGE       ALPHA DENS       BETA DENS        SPEC DENS        QMP DENS         ORBGRAD_B 
   1       -7.9746613546    -0.0000000006     0.0000000202     0.0000004036     0.0000139803     0.0000506912     0.0000000000
          ---------------START SECOND ORDER SCF---------------
   2       -7.9746613535     0.0000000011     0.0000000481     0.0000007965     0.0000001470     0.0000506912     0.0000005108
 CONVERGED ITERATION  12 IN   2 MICROITERATIONS


 FINAL NEORXCUHF ENERGY IS       -7.9746613535 AFTER  12 ITERATIONS

      -----------------------------------------------
               NEORXCHF ENERGETIC COMPONENTS          
      -----------------------------------------------
                E_NUC=         0.9950248756
              E_ECORE=       -11.0311928789
                 E_EE=         2.3219457538
               E_OMG1=        -0.6008345386
               E_OMG2=         0.3403954346
              S_TOTAL=        22.8512406992
              E_TOTAL=        -7.9746613535


  REGULAR ALPHA ELECTRONIC ORBITALS AND EIGENVALUES: 

                        1          2          3          4          5

                     -2.6903    -0.4213    -0.1355     0.0021     0.0694

    1  LABEL       -0.998718   0.146220  -0.107494  -0.029269   0.095211
    2  LABEL       -0.007612  -0.071225   0.252443   1.243701   1.787786
    3  LABEL        0.000821  -0.178600   0.859540  -1.703092  -0.334122
    4  LABEL        0.003820  -0.054223  -0.057150  -0.016667   0.055042
    5  LABEL       -0.001225  -0.099942  -0.234675  -0.849330   1.514928
    6  LABEL       -0.004310  -0.325754  -0.108564   0.084637  -0.050197
    7  LABEL        0.000104  -0.528431  -0.469288   0.742924  -1.946758
    8  LABEL        0.001778   0.006237   0.001373  -0.003247  -0.000509

                        6          7          8

                      0.4631     0.7600     2.1443

    1  LABEL       -0.081432   0.080949   0.043812
    2  LABEL        0.065167   0.287469   0.408800
    3  LABEL       -0.437265   0.336775  -0.098620
    4  LABEL       -0.527044  -1.068976   0.366227
    5  LABEL        0.239914   1.061102   0.079426
    6  LABEL       -1.099129   0.781586  -0.002090
    7  LABEL        1.199863  -1.342666  -0.365992
    8  LABEL        0.049716   0.084008   1.047196

  REGULAR BETA ELECTRONIC ORBITALS AND EIGENVALUES:  

                        1          2          3          4          5

                     -2.6933    -0.6633    -0.1349     0.0039     0.0736

    1  LABEL        0.998742  -0.111100  -0.135459  -0.022555   0.083990
    2  LABEL        0.007277   0.097158   0.217879   1.142870   1.849606
    3  LABEL       -0.000900  -0.029852   0.896756  -1.645791  -0.444690
    4  LABEL       -0.004293   0.078310  -0.048009  -0.027796   0.061226
    5  LABEL        0.001114   0.051009  -0.218326  -0.936119   1.443759
    6  LABEL        0.006524   0.562255  -0.085502   0.087030  -0.095167
    7  LABEL       -0.000573   0.435811  -0.310785   0.737542  -1.808598
    8  LABEL       -0.002266  -0.017405   0.001052  -0.003869  -0.008438

                        6          7          8

                      0.3948     0.7273     2.0851

    1  LABEL        0.108730   0.076531   0.044456
    2  LABEL       -0.002363   0.323610   0.420646
    3  LABEL        0.534149   0.300234  -0.101562
    4  LABEL        0.387392  -1.120764   0.380752
    5  LABEL       -0.052644   1.118599   0.078555
    6  LABEL        1.099902   0.629781   0.006791
    7  LABEL       -1.534774  -1.271883  -0.378042
    8  LABEL       -0.048517   0.098565   1.045820

  SPECIAL ELECTRONIC ORBITALS AND EIGENVALUES:       

                        1          2          3          4          5

                      0.0000     0.0493     0.1121     0.3081     0.4198

    1  LABEL        0.166485  -0.075723  -0.028771  -0.078026  -0.029138
    2  LABEL       -0.037840   0.214285   1.455879  -1.590257  -0.251922
    3  LABEL       -0.777075   0.164404  -1.804536   0.016827   0.045074
    4  LABEL       -0.103245  -0.072163   0.039644   0.283969  -1.151531
    5  LABEL       -0.156284  -0.888520  -0.415488  -1.608878   0.501487
    6  LABEL       -0.218520  -0.116099   0.092356   0.313178   0.006892
    7  LABEL       -0.082542   0.114851   0.635061   1.907596   0.354034
    8  LABEL        0.015605   0.008692  -0.011767  -0.040832  -0.007250

                        6          7          8

                      1.0567     3.2104     0.0000

    1  LABEL        0.115722  -0.057904   0.000000
    2  LABEL        0.346966  -0.431359   0.000000
    3  LABEL        0.454421   0.034239   0.000000
    4  LABEL       -0.302017  -0.220920   0.000000
    5  LABEL        0.632896  -0.210183   0.000000
    6  LABEL        1.317909  -0.204394   0.000000
    7  LABEL       -1.915085   0.602103   0.000000
    8  LABEL       -0.142675  -1.040993   0.000000

       QM PARTICLE ORBITALS AND EIGENVALUES:         

                        1          2          3          4          5

                      0.0000     0.1008     4.1273    19.0436    48.7028

    1  LABEL        0.002179  -0.010898  -0.293387   0.081480   1.190474
    2  LABEL        0.008922   0.042388  -0.137550   1.236811  -0.048106
    3  LABEL        0.045012   0.413457   1.498809  -0.245990  -0.558150
    4  LABEL        0.002046   0.003354   0.011493  -0.243151   0.010221
    5  LABEL        0.218881  -1.941888  -0.867165  -0.245905   0.287324
    6  LABEL       -1.170897   1.255029   0.387742   0.103772  -0.129549

                        6

                    177.8988

    1  LABEL       -0.039346
    2  LABEL        0.702733
    3  LABEL       -0.067960
    4  LABEL       -1.296469
    5  LABEL       -0.082259
    6  LABEL        0.034809

          +--------------------------------------+
          |    TIMING SUMMARY FOR CALCULATION    |
          +--------------------------------------+
            TIME TO EVALUATE INTEGRALS:     659.0495
                          TIME FOR SCF:      27.1331

