
 ============================================================
        ______     _ _   _ _____ ___            ______       
       / / / /    |   \ | | ____/ _ \           \ \ \ \      
      / / / /     | |  \| |  _|| | | |_____      \ \ \ \     
      \ \ \ \     | | |\  | |__| |_|  _____|     / / / /     
       \_\_\_\    |  _| \_|_____\___/           /_/_/_/      
                  |_|                                        
                                                             
 ============================================================

 Running executable: 
    /home/asirjoos/codes/RXCHF/NEO-RXCHF/bin/runRXCHF.exe
 Input file: 
    exam_rxcuhfne
 
 
 &SYSINFO
 NAT     =                     1,
 NEBF    =                     8,
 NPEBF   =                     8,
 NPBF    =                     6,
 NGTG    =                     8,
 PMASS   =   1.00000000000000     ,
 NELEC   =                     4,
 NUCST   =                     1
 /
 
 
 &CONTROL
 LNEOHF  = F,
 LXCUHF  = F,
 LXCROHF = F,
 LRXCHF  = F,
 LRXCUHF = T
 /
 
 
 &GUESSMO
 READ_CE = F,
 READ_CP = F
 /
 
 
 &INTCTRL
 READ_GAM2       = F,
 READ_GAM3       = F,
 READ_GAM4       = F,
 NG2CHK  =                     1,
 NG3CHK  =                     1,
 NG4CHK  =                     1
 /
 
 
 &SCFCTRL
 LDBG    = F,
 LSOSCF  = T,
 LOCBSE  = T
 /
 
 
 &RXCHF
 NAE     =                     3,
 NBE     =                     1,
 EXCHLEV =                     0,
 NEBFBE  =                     8
 /
 
 
 &RXCUHF
 NAALPE  =                     1,
 NABETE  =                     2
 /
 
 
 GEMINAL PARAMETERS
   k          b_k                 gamma_k
   1       4.8792000          0.15330000E-01
   2       18.687400          0.49880000E-01
   3       21.143500          0.55758000    
   4       25.856010          0.16032000    
   5       13.406300           2.3457000    
   6       7.1828000           13.732300    
   7       2.9804000           154.96100    
   8      0.54940000           1088.6000    
 
 
 ========================================
 
  Running open shell RXCHF calculation
  performed at the RXCHF-ne level
 
 ========================================
 
 
 ATOMIC COORDINATES (BOHR)
 
 CHARGE -X COORDINATE- -Y COORDINATE- -Z COORDINATE-
   3.0     0.00000000     0.00000000     0.00000000
 
 
  CHECK CONTRACTED ELECTRONIC BASIS FUNCTIONS 
 CONT INDEX    KPESTR     KPEEND
   1     1    1
   2     2    2
   3     3    3
   4     4    4
   5     5    5
   6     6    6
   7     7    7
   8     8    8
 
 ELECTRONIC BASIS FUNCTIONS:
 
 PRIM  CONT    ANG       EXPONENT CONTRACT  -X- -Y- -Z-
 INDEX INDEX   MOM                  COEF
   1     1    0  0  0    0.026631  1.000000  0.000000  0.000000  0.000000
   2     2    0  0  0    0.099651  1.000000  0.000000  0.000000  0.000000
   3     3    0  0  0    0.372887  1.000000  0.000000  0.000000  0.000000
   4     4    0  0  0    1.395309  1.000000  0.000000  0.000000  0.000000
   5     5    0  0  0    5.221120  1.000000  0.000000  0.000000  0.000000
   6     6    0  0  0   19.536960  1.000000  0.000000  0.000000  0.000000
   7     7    0  0  0   73.105547  1.000000  0.000000  0.000000  0.000000
   8     8    0  0  0  273.554377  1.000000  0.000000  0.000000  0.000000
 ELECTRONIC BASIS FUNCTIONS:
 CONTRACT COEFF HAVE BEEN NORMALIZED
 
 PRIM  CONT    ANG       EXPONENT CONTRACT  -X- -Y- -Z-
 INDEX INDEX   MOM                  COEF
   1     1    0  0  0    0.026631  0.046984  0.000000  0.000000  0.000000
   2     2    0  0  0    0.099651  0.126407  0.000000  0.000000  0.000000
   3     3    0  0  0    0.372887  0.340089  0.000000  0.000000  0.000000
   4     4    0  0  0    1.395309  0.914983  0.000000  0.000000  0.000000
   5     5    0  0  0    5.221120  2.461687  0.000000  0.000000  0.000000
   6     6    0  0  0   19.536960  6.622971  0.000000  0.000000  0.000000
   7     7    0  0  0   73.105547 17.818570  0.000000  0.000000  0.000000
   8     8    0  0  0  273.554377 47.939427  0.000000  0.000000  0.000000
 
 NUCLEAR BASIS FUNCTIONS:
 
 PRIM  CONT    ANG       EXPONENT CONTRACT  -X- -Y- -Z-
 INDEX INDEX   MOM                  COEF
   1     1    0  0  0    0.012247  1.000000  0.000000  0.000000  0.000000
   2     2    0  0  0    0.028902  1.000000  0.000000  0.000000  0.000000
   3     3    0  0  0    0.068202  1.000000  0.000000  0.000000  0.000000
   4     4    0  0  0    0.160944  1.000000  0.000000  0.000000  0.000000
   5     5    0  0  0    0.379798  1.000000  0.000000  0.000000  0.000000
   6     6    0  0  0    0.896251  1.000000  0.000000  0.000000  0.000000
 
 NUCLEAR BASIS FUNCTIONS:
 CONTRACT COEFF HAVE BEEN NORMALIZED
 
 PRIM  CONT    ANG       EXPONENT CONTRACT  -X- -Y- -Z-
 INDEX INDEX   MOM                  COEF
   1     1    0  0  0    0.012247  0.026239  0.000000  0.000000  0.000000
   2     2    0  0  0    0.028902  0.049958  0.000000  0.000000  0.000000
   3     3    0  0  0    0.068202  0.095117  0.000000  0.000000  0.000000
   4     4    0  0  0    0.160944  0.181099  0.000000  0.000000  0.000000
   5     5    0  0  0    0.379798  0.344806  0.000000  0.000000  0.000000
   6     6    0  0  0    0.896251  0.656496  0.000000  0.000000  0.000000
 
 CONTRACTED ELECTRONIC OVERLAP MATRIX
 

             1           2           3           4           5

    1    1.0000000
    2    0.7369449   1.0000000
    3    0.3523433   0.7369449   1.0000000
    4    0.1411785   0.3523433   0.7369449   1.0000000
    5    0.0535736   0.1411785   0.3523433   0.7369449   1.0000000
    6    0.0200243   0.0535736   0.1411785   0.3523433   0.7369449
    7    0.0074540   0.0200243   0.0535736   0.1411785   0.3523433
    8    0.0027717   0.0074540   0.0200243   0.0535736   0.1411785

             6           7           8

    6    1.0000000
    7    0.7369449   1.0000000
    8    0.3523433   0.7369449   1.0000000
 
 NUCLEAR OVERLAP MATRIX
 

             1           2           3           4           5

    1    1.0000000
    2    0.8744414   1.0000000
    3    0.6090334   0.8744414   1.0000000
    4    0.3671085   0.6090334   0.8744414   1.0000000
    5    0.2052288   0.3671085   0.6090334   0.8744414   1.0000000
    6    0.1107680   0.2052288   0.3671085   0.6090334   0.8744414

             6

    6    1.0000000
 
 **************************************
  CALCULATING ELEC+NUC CORE INTEGRALS  
 **************************************
 
 all done in calc_GAM_epcore
 
 **************************************
     Computing GAM_ep Integrals    
 **************************************
 
 got here
 all done in calc_GAM_ep
 
 **************************************
     Computing GAM_ee Integrals    
 
 nebf =                     8
 npebf=                     8
 ngee =                  4096
 **************************************
 
 all done in calc_GAM_ee
 
 **************************************
        GAM_1 Integrals    
 
 METHOD = MD
 npebf  =                     8
 nebf   =                     8
 npbf   =                     6
 ng1    =                  2304
  Available processors:           16
  Available threads                8
  Threads in use                   1
 **************************************
 
  Hello from process                      2
  Hello from process                      6
  Hello from process                      1
  Hello from process                      0
 Threads in use           8
  Hello from process                      3
  Hello from process                      5
  Hello from process                      4
  Hello from process                      7
 TIME TO CALCULATE GAM_1 INTEGRALS:    1.35697698593140     

      +---------------------------------------------+
      |     CALCULATING 3-PARTICLE INTEGRALS        |
      |            --IN-CORE APPROACH--             |
      +---------------------------------------------+
                                  
           NUMBER OF 3-PARTICLE INTEGRALS:        147456
          NUMBER OF BLOCKS (USER DEFINED):             1
                                  
          COMPUTATIONAL RESOURCES:
          ------------------------
             CORES PER NODE:  16
                  AVAILABLE:   8
            NUMBER OF NODES:   1

            TIME TO EVALUATE BLOCK     1      10.16

          TIMING SUMMARY FOR 3-PARTICLE INTEGRALS:
          ----------------------------------------
            TIME TO EVALUATE ALL INTEGRALS:      10.1560
              TIME TO SYMMETRIZE INTEGRALS:       0.0034

 Writing GAM2 to GAM2.ufm
 Using LOCBSE2
 READ IN NUC REPULSION
 
 READ IN NUC OVLAP
 READ IN ELEC OVLAP
 READ IN GAM_ECORE
 READ IN GAM_PCORE
 READ IN GAM_EP
 READ IN GAM_EE
 
 ABOUT TO CALL guess_A_elec
 BACK FROM guess_elec for OCBSE
 ABOUT TO CALL guess_prot
 BACK FROM guess_prot
 

       ** BEGIN RXCHF SELF-CONSISTENT-FIELD CALCULATION **

           INITIAL GUESS ENERGETICS:            

      -----------------------------------------------
               NEORXCHF ENERGETIC COMPONENTS          
      -----------------------------------------------
                E_NUC=         0.0000000000
              E_ECORE=       -10.1135276871
                 E_EE=         3.0642202824
               E_OMG1=        -0.3417116595
               E_OMG2=         1.1059918529
              S_TOTAL=         2.0869332289
              E_TOTAL=        -6.2850272113


 STARTING MICROITERATIONS FOR ITERATION   1

 ITER      TOTAL ENERGY        E CHANGE       ALPHA DENS       BETA DENS        SPEC DENS        QMP DENS         ORBGRAD_B 
   1       -7.3762136034    -7.3762136034     0.3230759274     0.5098196914     1.8245049177     3.5735181518     0.0000000000
          ---------------START SECOND ORDER SCF---------------
   2       -7.4548686024    -0.0786549990     0.0028271599     0.2041481840     1.7290912389     3.5735181518     0.0611037484
   3       -7.4678783764    -0.0130097740     0.0015333176     0.0638503496     0.4687969137     3.5735181518     0.0064525390
 SOSCF IS SCALING ROTATION ANGLE MATRIX, SQCDF=    1.342399
   4       -7.3254417403     0.1424366361     0.0005374580     3.4045350215     0.0877500578     3.5735181518     0.0082558678
 SOSCF IS SCALING ROTATION ANGLE MATRIX, SQCDF=    0.344154
   5       -7.4480707855    -0.1226290452     0.0026862138     2.3712031626     0.0709298564     3.5735181518     0.1808104127
 SOSCF IS SCALING ROTATION ANGLE MATRIX, SQCDF=    0.184310
   6       -7.4598327190    -0.0117619335     0.0006555714     1.2885069009     0.0152710239     3.5735181518     0.0892635500
   7       -7.4684247176    -0.0085919986     0.0018513991     0.4416637083     0.1141640161     3.5735181518     0.0591090917
   8       -7.4688064882    -0.0003817706     0.0005284373     0.0626188183     0.0562990424     3.5735181518     0.0085889727
   9       -7.4688702657    -0.0000637775     0.0003207328     0.0028293228     0.0046464005     3.5735181518     0.0083918413
  10       -7.4689431041    -0.0000728385     0.0000973581     0.0082749228     0.0000668255     3.5735181518     0.0072346740
  11       -7.4689738823    -0.0000307782     0.0001326671     0.0023521574     0.0025232370     3.5735181518     0.0069270072
  12       -7.4689735514     0.0000003309     0.0000353142     0.0052303069     0.0002357960     3.5735181518     0.0029497157
  13       -7.4689692271     0.0000043243     0.0000418769     0.0008160748     0.0006232236     3.5735181518     0.0001475497
  14       -7.4689678415     0.0000013857     0.0000113095     0.0003325159     0.0000680992     3.5735181518     0.0000212034
  15       -7.4689674976     0.0000003438     0.0000026450     0.0000343276     0.0000396800     3.5735181518     0.0000088020
  16       -7.4689674173     0.0000000803     0.0000005375     0.0000081268     0.0000019294     3.5735181518     0.0000025084
  17       -7.4689673959     0.0000000215     0.0000001474     0.0000017594     0.0000011894     3.5735181518     0.0000009691
  18       -7.4689673882     0.0000000076     0.0000000554     0.0000000415     0.0000002262     3.5735181518     0.0000000237
 CONVERGED ITERATION   1 IN  18 MICROITERATIONS


 STARTING MICROITERATIONS FOR ITERATION   2

 ITER      TOTAL ENERGY        E CHANGE       ALPHA DENS       BETA DENS        SPEC DENS        QMP DENS         ORBGRAD_B 
   1       -7.6076565758    -0.1386891876     0.0003194188     0.1027686794     0.1576819925     3.5718928910     0.0000000000
          ---------------START SECOND ORDER SCF---------------
   2       -7.6078586969    -0.0002021211     0.0002270813     0.0372127417     0.0097027371     3.5718928910     0.0062317424
   3       -7.6079261983    -0.0000675014     0.0001028949     0.0358136839     0.0052562315     3.5718928910     0.0031082384
   4       -7.6079343082    -0.0000081099     0.0000876447     0.0006778427     0.0053011632     3.5718928910     0.0001323148
   5       -7.6079353760    -0.0000010678     0.0000145005     0.0004424967     0.0001483016     3.5718928910     0.0000982831
   6       -7.6079357405    -0.0000003646     0.0000049963     0.0004168408     0.0000659663     3.5718928910     0.0000636075
   7       -7.6079359654    -0.0000002248     0.0000034353     0.0000232140     0.0000676086     3.5718928910     0.0000022701
   8       -7.6079360151    -0.0000000497     0.0000007383     0.0000343236     0.0000031167     3.5718928910     0.0000024408
   9       -7.6079360357    -0.0000000206     0.0000003031     0.0000214632     0.0000054783     3.5718928910     0.0000020312
  10       -7.6079360352     0.0000000005     0.0000000323     0.0000010409     0.0000034570     3.5718928910     0.0000010333
  11       -7.6079360363    -0.0000000010     0.0000000166     0.0000005081     0.0000002065     3.5718928910     0.0000003154
 CONVERGED ITERATION   2 IN  11 MICROITERATIONS


 STARTING MICROITERATIONS FOR ITERATION   3

 ITER      TOTAL ENERGY        E CHANGE       ALPHA DENS       BETA DENS        SPEC DENS        QMP DENS         ORBGRAD_B 
   1       -7.6340884595    -0.0261524233     0.0000824011     0.0357614381     0.0592516365     1.1186552674     0.0000000000
          ---------------START SECOND ORDER SCF---------------
   2       -7.6341183421    -0.0000298825     0.0000579868     0.0131177480     0.0054925711     1.1186552674     0.0023646514
   3       -7.6341288852    -0.0000105431     0.0000302803     0.0137502238     0.0022726551     1.1186552674     0.0012037491
   4       -7.6341306053    -0.0000017201     0.0000301495     0.0005048953     0.0023909627     1.1186552674     0.0000451815
   5       -7.6341308454    -0.0000002401     0.0000051641     0.0001955774     0.0000858537     1.1186552674     0.0000344608
   6       -7.6341309323    -0.0000000869     0.0000018862     0.0001299295     0.0000355006     1.1186552674     0.0000204530
   7       -7.6341309788    -0.0000000466     0.0000010951     0.0000109103     0.0000238676     1.1186552674     0.0000009721
   8       -7.6341309902    -0.0000000114     0.0000002653     0.0000063025     0.0000018624     1.1186552674     0.0000008033
   9       -7.6341309944    -0.0000000042     0.0000000978     0.0000026736     0.0000011676     1.1186552674     0.0000002877
  10       -7.6341309948    -0.0000000004     0.0000000137     0.0000002488     0.0000004820     1.1186552674     0.0000002018
 CONVERGED ITERATION   3 IN  10 MICROITERATIONS


 STARTING MICROITERATIONS FOR ITERATION   4

 ITER      TOTAL ENERGY        E CHANGE       ALPHA DENS       BETA DENS        SPEC DENS        QMP DENS         ORBGRAD_B 
   1       -7.6399344584    -0.0058034636     0.0000294800     0.0094045212     0.0266084879     1.7154541156     0.0000000000
          ---------------START SECOND ORDER SCF---------------
   2       -7.6399365132    -0.0000020548     0.0000154601     0.0030740717     0.0016082675     1.7154541156     0.0005317296
   3       -7.6399372654    -0.0000007522     0.0000068014     0.0032645802     0.0005481487     1.7154541156     0.0002742043
   4       -7.6399375534    -0.0000002880     0.0000067876     0.0001625333     0.0005928105     1.7154541156     0.0000140460
   5       -7.6399375963    -0.0000000429     0.0000011555     0.0000508896     0.0000275482     1.7154541156     0.0000076677
   6       -7.6399376128    -0.0000000166     0.0000004456     0.0000243389     0.0000098275     1.7154541156     0.0000039854
   7       -7.6399376205    -0.0000000077     0.0000002202     0.0000028000     0.0000047154     1.7154541156     0.0000002880
   8       -7.6399376226    -0.0000000020     0.0000000586     0.0000008167     0.0000005214     1.7154541156     0.0000001554
 CONVERGED ITERATION   4 IN   8 MICROITERATIONS


 STARTING MICROITERATIONS FOR ITERATION   5

 ITER      TOTAL ENERGY        E CHANGE       ALPHA DENS       BETA DENS        SPEC DENS        QMP DENS         ORBGRAD_B 
   1       -7.6404229656    -0.0004853431     0.0000092087     0.0025539876     0.0023533824     0.5702515490     0.0000000000
          ---------------START SECOND ORDER SCF---------------
   2       -7.6404232494    -0.0000002838     0.0000025929     0.0011301914     0.0004448738     0.5702515490     0.0001945897
   3       -7.6404233908    -0.0000001414     0.0000020474     0.0011603927     0.0002070290     0.5702515490     0.0000987459
   4       -7.6404234801    -0.0000000893     0.0000022881     0.0000340195     0.0002155063     0.5702515490     0.0000028938
   5       -7.6404234951    -0.0000000150     0.0000004295     0.0000138975     0.0000056656     0.5702515490     0.0000026639
   6       -7.6404235003    -0.0000000052     0.0000001497     0.0000130451     0.0000027839     0.5702515490     0.0000016325
   7       -7.6404235032    -0.0000000030     0.0000000897     0.0000008380     0.0000025309     0.5702515490     0.0000000723
   8       -7.6404235039    -0.0000000007     0.0000000198     0.0000007825     0.0000001523     0.5702515490     0.0000000653
 CONVERGED ITERATION   5 IN   8 MICROITERATIONS


 STARTING MICROITERATIONS FOR ITERATION   6

 ITER      TOTAL ENERGY        E CHANGE       ALPHA DENS       BETA DENS        SPEC DENS        QMP DENS         ORBGRAD_B 
   1       -7.6404270745    -0.0000035706     0.0000009054     0.0002508656     0.0001616907     0.0540855222     0.0000000000
          ---------------START SECOND ORDER SCF---------------
   2       -7.6404270841    -0.0000000095     0.0000001917     0.0001230993     0.0000438582     0.0540855222     0.0000212159
   3       -7.6404270930    -0.0000000090     0.0000002139     0.0001253934     0.0000226978     0.0540855222     0.0000107228
   4       -7.6404271025    -0.0000000094     0.0000002464     0.0000029590     0.0000233738     0.0540855222     0.0000002519
   5       -7.6404271041    -0.0000000016     0.0000000469     0.0000013356     0.0000004928     0.0540855222     0.0000002883
   6       -7.6404271046    -0.0000000005     0.0000000157     0.0000015925     0.0000002686     0.0540855222     0.0000001890
   7       -7.6404271050    -0.0000000003     0.0000000104     0.0000000821     0.0000003096     0.0540855222     0.0000000158
 CONVERGED ITERATION   6 IN   7 MICROITERATIONS


 STARTING MICROITERATIONS FOR ITERATION   7

 ITER      TOTAL ENERGY        E CHANGE       ALPHA DENS       BETA DENS        SPEC DENS        QMP DENS         ORBGRAD_B 
   1       -7.6404271059    -0.0000000010     0.0000000194     0.0000063107     0.0000045598     0.0004591071     0.0000000000
          ---------------START SECOND ORDER SCF---------------
   2       -7.6404271061    -0.0000000002     0.0000000044     0.0000032779     0.0000011374     0.0004591071     0.0000005693
   3       -7.6404271063    -0.0000000002     0.0000000061     0.0000033553     0.0000006125     0.0004591071     0.0000002880
   4       -7.6404271066    -0.0000000003     0.0000000069     0.0000000356     0.0000006285     0.0004591071     0.0000000061
 CONVERGED ITERATION   7 IN   4 MICROITERATIONS


 STARTING MICROITERATIONS FOR ITERATION   8

 ITER      TOTAL ENERGY        E CHANGE       ALPHA DENS       BETA DENS        SPEC DENS        QMP DENS         ORBGRAD_B 
   1       -7.6404271066     0.0000000000     0.0000000016     0.0000001596     0.0000001067     0.0000025030     0.0000000000
 CONVERGED ITERATION   8 IN   1 MICROITERATIONS


 FINAL NEORXCUHF ENERGY IS       -7.6404271066 AFTER   8 ITERATIONS

      -----------------------------------------------
               NEORXCHF ENERGETIC COMPONENTS          
      -----------------------------------------------
                E_NUC=         0.0000000000
              E_ECORE=        -9.6871203289
                 E_EE=         2.2587072045
               E_OMG1=        -0.2738291141
               E_OMG2=         0.0618151319
              S_TOTAL=        48.3702888598
              E_TOTAL=        -7.6404271066


  REGULAR ALPHA ELECTRONIC ORBITALS AND EIGENVALUES: 

                        1          2          3          4          5

                     -2.4550     0.0268     0.2007     1.2389     7.1669

    1  LABEL        0.006174  -1.079826   1.163820  -0.507357  -0.186771
    2  LABEL       -0.020719   0.097286  -1.927609   1.571697   0.609107
    3  LABEL        0.190642   0.023510   0.499699  -2.362734  -1.374227
    4  LABEL        0.568510   0.089559   0.104064   1.134650   2.273722
    5  LABEL        0.310005   0.028090   0.079080   0.065142  -1.641670
    6  LABEL        0.086596   0.009003   0.014581   0.071237   0.059114
    7  LABEL        0.017269   0.001465   0.003995   0.003715  -0.058990
    8  LABEL        0.004828   0.000476   0.000845   0.003353  -0.000135

                        6          7          8

                     34.6361   150.9689   636.0764

    1  LABEL        0.076269  -0.033882  -0.015501
    2  LABEL       -0.245605   0.108447   0.049514
    3  LABEL        0.564893  -0.246670  -0.112027
    4  LABEL       -1.189901   0.522367   0.234674
    5  LABEL        2.081634  -1.082288  -0.485884
    6  LABEL       -1.834805   1.942561   0.996842
    7  LABEL        0.168956  -1.851814  -1.783193
    8  LABEL       -0.049092   0.159321   1.670991

  REGULAR BETA ELECTRONIC ORBITALS AND EIGENVALUES:  

                        1          2          3          4          5

                     -2.4717    -0.1812     0.1520     1.2183     7.1566

    1  LABEL       -0.005971   0.681847   1.429545  -0.518879  -0.187196
    2  LABEL        0.020179   0.478638  -1.849670   1.594978   0.609962
    3  LABEL       -0.186204  -0.158255   0.442834  -2.368690  -1.375147
    4  LABEL       -0.569186  -0.122735   0.084090   1.130192   2.274953
    5  LABEL       -0.312467  -0.050686   0.066976   0.063833  -1.640873
    6  LABEL       -0.086968  -0.013333   0.011931   0.070888   0.058996
    7  LABEL       -0.017358  -0.002600   0.003367   0.003623  -0.058946
    8  LABEL       -0.004845  -0.000724   0.000695   0.003331  -0.000133

                        6          7          8

                     34.6292   150.9654   636.0750

    1  LABEL        0.076299  -0.033884  -0.015501
    2  LABEL       -0.245659   0.108450   0.049514
    3  LABEL        0.564950  -0.246670  -0.112026
    4  LABEL       -1.190084   0.522375   0.234674
    5  LABEL        2.081919  -1.082312  -0.485885
    6  LABEL       -1.834767   1.942589   0.996843
    7  LABEL        0.168938  -1.851815  -1.783194
    8  LABEL       -0.049088   0.159321   1.670991

  SPECIAL ELECTRONIC ORBITALS AND EIGENVALUES:       

                        1          2          3          4          5

                      0.0000     0.2266     1.2708     6.3472    28.9200

    1  LABEL        1.215710   1.034818  -0.480355   0.182371  -0.076220
    2  LABEL       -0.330095  -1.957951   1.506007  -0.596414   0.245693
    3  LABEL        0.021474   0.585850  -2.362460   1.339902  -0.565603
    4  LABEL       -0.070448   0.082404   1.174819  -2.256252   1.186759
    5  LABEL       -0.012915   0.069918   0.044800   1.647593  -2.077362
    6  LABEL       -0.006264   0.011909   0.069623  -0.061569   1.834010
    7  LABEL       -0.000756   0.003721   0.003178   0.059099  -0.168026
    8  LABEL       -0.000325   0.000727   0.003298   0.000126   0.048975

                        6          7          8

                    124.5509   523.6492     0.0000

    1  LABEL       -0.033927   0.015510   0.000000
    2  LABEL        0.108619  -0.049548   0.000000
    3  LABEL       -0.247083   0.112106   0.000000
    4  LABEL        0.523190  -0.234831   0.000000
    5  LABEL       -1.083317   0.486170   0.000000
    6  LABEL        1.943103  -0.997269   0.000000
    7  LABEL       -1.851561   1.783542   0.000000
    8  LABEL        0.159031  -1.671022   0.000000

       QM PARTICLE ORBITALS AND EIGENVALUES:         

                        1          2          3          4          5

                      0.0000     0.0568     0.5635     2.1953     5.9104

    1  LABEL        1.381293  -2.515578   1.332635   0.773360  -0.485932
    2  LABEL       -0.456871   4.632453  -4.349691  -2.738129   1.746660
    3  LABEL        0.014423  -2.645682   5.869847   5.261501  -3.701605
    4  LABEL       -0.064083   0.849876  -3.056408  -5.723087   5.652039
    5  LABEL        0.008101  -0.257544   0.865212   2.295169  -5.127824
    6  LABEL       -0.005295   0.042118  -0.180710  -0.316704   1.413311

                        6

                     18.2566

    1  LABEL       -0.289212
    2  LABEL        1.027245
    3  LABEL       -2.169820
    4  LABEL        3.575057
    5  LABEL       -4.451314
    6  LABEL        2.966086

          +--------------------------------------+
          |    TIMING SUMMARY FOR CALCULATION    |
          +--------------------------------------+
            TIME TO EVALUATE INTEGRALS:      11.5720
                          TIME FOR SCF:       7.7635

