
 ============================================================
        ______     _ _   _ _____ ___            ______       
       / / / /    |   \ | | ____/ _ \           \ \ \ \      
      / / / /     | |  \| |  _|| | | |_____      \ \ \ \     
      \ \ \ \     | | |\  | |__| |_|  _____|     / / / /     
       \_\_\_\    |  _| \_|_____\___/           /_/_/_/      
                  |_|                                        
                                                             
 ============================================================

 Running executable: 
    /home/asirjoos/codes/RXCHF/NEO-RXCHF/bin/runRXCHF.exe
 Input file: 
    exam_rxchf
 
 
 &SYSINFO
 NAT     =                     1,
 NEBF    =                    10,
 NPEBF   =                    10,
 NPBF    =                     8,
 NGTG    =                     8,
 PMASS   =   1.00000000000000     ,
 NELEC   =                     3,
 NUCST   =                     1
 /
 
 
 &CONTROL
 LNEOHF  = F,
 LXCUHF  = F,
 LXCROHF = F,
 LRXCHF  = T,
 LRXCUHF = F
 /
 
 
 &GUESSMO
 READ_CE = F,
 READ_CP = F
 /
 
 
 &INTCTRL
 READ_GAM2       = F,
 READ_GAM3       = F,
 READ_GAM4       = F,
 NG2CHK  =                     1,
 NG3CHK  =                     1,
 NG4CHK  =                     1
 /
 
 
 &SCFCTRL
 LDBG    = F,
 LSOSCF  = T,
 LOCBSE  = T
 /
 
 
 &RXCHF
 NAE     =                     2,
 NBE     =                     1,
 EXCHLEV =                     0,
 NEBFBE  =                    10
 /
 
 
 GEMINAL PARAMETERS
   k          b_k                 gamma_k
   1       4.8792000          0.15330000E-01
   2       18.687400          0.49880000E-01
   3       21.143500          0.55758000    
   4       25.856010          0.16032000    
   5       13.406300           2.3457000    
   6       7.1828000           13.732300    
   7       2.9804000           154.96100    
   8      0.54940000           1088.6000    
 
 
 ========================================
 
  Running closed shell RXCHF calculation
  performed at the RXCHF-ne level
 
 ========================================
 
 
 ATOMIC COORDINATES (BOHR)
 
 CHARGE -X COORDINATE- -Y COORDINATE- -Z COORDINATE-
   3.0     0.00000000     0.00000000     0.00000000
 
 
  CHECK CONTRACTED ELECTRONIC BASIS FUNCTIONS 
 CONT INDEX    KPESTR     KPEEND
   1     1    1
   2     2    2
   3     3    3
   4     4    4
   5     5    5
   6     6    6
   7     7    7
   8     8    8
   9     9    9
  10    10   10
 
 ELECTRONIC BASIS FUNCTIONS:
 
 PRIM  CONT    ANG       EXPONENT CONTRACT  -X- -Y- -Z-
 INDEX INDEX   MOM                  COEF
   1     1    0  0  0    0.026631  1.000000  0.000000  0.000000  0.000000
   2     2    0  0  0    0.099651  1.000000  0.000000  0.000000  0.000000
   3     3    0  0  0    0.372887  1.000000  0.000000  0.000000  0.000000
   4     4    0  0  0    1.395309  1.000000  0.000000  0.000000  0.000000
   5     5    0  0  0    5.221120  1.000000  0.000000  0.000000  0.000000
   6     6    0  0  0   19.536960  1.000000  0.000000  0.000000  0.000000
   7     7    0  0  0   73.105547  1.000000  0.000000  0.000000  0.000000
   8     8    0  0  0  273.554377  1.000000  0.000000  0.000000  0.000000
   9     9    0  0  0    0.007117  1.000000  0.000000  0.000000  0.000000
  10    10    0  0  0    0.001902  1.000000  0.000000  0.000000  0.000000
 ELECTRONIC BASIS FUNCTIONS:
 CONTRACT COEFF HAVE BEEN NORMALIZED
 
 PRIM  CONT    ANG       EXPONENT CONTRACT  -X- -Y- -Z-
 INDEX INDEX   MOM                  COEF
   1     1    0  0  0    0.026631  0.046984  0.000000  0.000000  0.000000
   2     2    0  0  0    0.099651  0.126407  0.000000  0.000000  0.000000
   3     3    0  0  0    0.372887  0.340089  0.000000  0.000000  0.000000
   4     4    0  0  0    1.395309  0.914983  0.000000  0.000000  0.000000
   5     5    0  0  0    5.221120  2.461687  0.000000  0.000000  0.000000
   6     6    0  0  0   19.536960  6.622971  0.000000  0.000000  0.000000
   7     7    0  0  0   73.105547 17.818570  0.000000  0.000000  0.000000
   8     8    0  0  0  273.554377 47.939427  0.000000  0.000000  0.000000
   9     9    0  0  0    0.007117  0.017464  0.000000  0.000000  0.000000
  10    10    0  0  0    0.001902  0.006491  0.000000  0.000000  0.000000
 
 NUCLEAR BASIS FUNCTIONS:
 
 PRIM  CONT    ANG       EXPONENT CONTRACT  -X- -Y- -Z-
 INDEX INDEX   MOM                  COEF
   1     1    0  0  0    0.012247  1.000000  0.000000  0.000000  0.000000
   2     2    0  0  0    0.028902  1.000000  0.000000  0.000000  0.000000
   3     3    0  0  0    0.068202  1.000000  0.000000  0.000000  0.000000
   4     4    0  0  0    0.160944  1.000000  0.000000  0.000000  0.000000
   5     5    0  0  0    0.379798  1.000000  0.000000  0.000000  0.000000
   6     6    0  0  0    0.896251  1.000000  0.000000  0.000000  0.000000
   7     7    0  0  0    0.005190  1.000000  0.000000  0.000000  0.000000
   8     8    0  0  0    0.002199  1.000000  0.000000  0.000000  0.000000
 
 NUCLEAR BASIS FUNCTIONS:
 CONTRACT COEFF HAVE BEEN NORMALIZED
 
 PRIM  CONT    ANG       EXPONENT CONTRACT  -X- -Y- -Z-
 INDEX INDEX   MOM                  COEF
   1     1    0  0  0    0.012247  0.026239  0.000000  0.000000  0.000000
   2     2    0  0  0    0.028902  0.049958  0.000000  0.000000  0.000000
   3     3    0  0  0    0.068202  0.095117  0.000000  0.000000  0.000000
   4     4    0  0  0    0.160944  0.181099  0.000000  0.000000  0.000000
   5     5    0  0  0    0.379798  0.344806  0.000000  0.000000  0.000000
   6     6    0  0  0    0.896251  0.656496  0.000000  0.000000  0.000000
   7     7    0  0  0    0.005190  0.013781  0.000000  0.000000  0.000000
   8     8    0  0  0    0.002199  0.007238  0.000000  0.000000  0.000000
 
 CONTRACTED ELECTRONIC OVERLAP MATRIX
 

             1           2           3           4           5

    1    1.0000000
    2    0.7369449   1.0000000
    3    0.3523433   0.7369449   1.0000000
    4    0.1411785   0.3523433   0.7369449   1.0000000
    5    0.0535736   0.1411785   0.3523433   0.7369449   1.0000000
    6    0.0200243   0.0535736   0.1411785   0.3523433   0.7369449
    7    0.0074540   0.0200243   0.0535736   0.1411785   0.3523433
    8    0.0027717   0.0074540   0.0200243   0.0535736   0.1411785
    9    0.7369449   0.3523433   0.1411785   0.0535736   0.0200243
   10    0.3523433   0.1411785   0.0535736   0.0200243   0.0074540

             6           7           8           9          10

    6    1.0000000
    7    0.7369449   1.0000000
    8    0.3523433   0.7369449   1.0000000
    9    0.0074540   0.0027717   0.0010303   1.0000000
   10    0.0027717   0.0010303   0.0003830   0.7369449   1.0000000
 
 NUCLEAR OVERLAP MATRIX
 

             1           2           3           4           5

    1    1.0000000
    2    0.8744414   1.0000000
    3    0.6090334   0.8744414   1.0000000
    4    0.3671085   0.6090334   0.8744414   1.0000000
    5    0.2052288   0.3671085   0.6090334   0.8744414   1.0000000
    6    0.1107680   0.2052288   0.3671085   0.6090334   0.8744414
    7    0.8744414   0.6090334   0.3671085   0.2052288   0.1107680
    8    0.6090334   0.3671085   0.2052288   0.1107680   0.0588622

             6           7           8

    6    1.0000000
    7    0.0588622   1.0000000
    8    0.0310702   0.8744414   1.0000000
 
 **************************************
  CALCULATING ELEC+NUC CORE INTEGRALS  
 **************************************
 
 all done in calc_GAM_epcore
 
 **************************************
     Computing GAM_ep Integrals    
 **************************************
 
 got here
 all done in calc_GAM_ep
 
 **************************************
     Computing GAM_ee Integrals    
 
 nebf =                    10
 npebf=                    10
 ngee =                 10000
 **************************************
 
 all done in calc_GAM_ee
 
 **************************************
        GAM_1 Integrals    
 
 METHOD = MD
 npebf  =                    10
 nebf   =                    10
 npbf   =                     8
 ng1    =                  6400
  Available processors:           16
  Available threads                8
  Threads in use                   1
 **************************************
 
  Hello from process                      2
  Hello from process                      5
  Hello from process                      1
  Hello from process                      0
 Threads in use           8
  Hello from process                      3
  Hello from process                      4
  Hello from process                      7
  Hello from process                      6
 TIME TO CALCULATE GAM_1 INTEGRALS:    3.33771800994873     

      +---------------------------------------------+
      |     CALCULATING 3-PARTICLE INTEGRALS        |
      |            --IN-CORE APPROACH--             |
      +---------------------------------------------+
                                  
           NUMBER OF 3-PARTICLE INTEGRALS:        640000
          NUMBER OF BLOCKS (USER DEFINED):             1
                                  
          COMPUTATIONAL RESOURCES:
          ------------------------
             CORES PER NODE:  16
                  AVAILABLE:   8
            NUMBER OF NODES:   1

            TIME TO EVALUATE BLOCK     1      41.10

          TIMING SUMMARY FOR 3-PARTICLE INTEGRALS:
          ----------------------------------------
            TIME TO EVALUATE ALL INTEGRALS:      41.1012
              TIME TO SYMMETRIZE INTEGRALS:       0.0098

 Writing GAM2 to GAM2.ufm
 Using LOCBSE2
 READ IN NUC REPULSION
 
 READ IN NUC OVLAP
 READ IN ELEC OVLAP
 READ IN GAM_ECORE
 READ IN GAM_PCORE
 READ IN GAM_EP
 READ IN GAM_EE
 
 ABOUT TO CALL guess_A_elec
 BACK FROM guess_elec for OCBSE
 ABOUT TO CALL guess_prot
 BACK FROM guess_prot
 

       ** BEGIN RXCHF SELF-CONSISTENT-FIELD CALCULATION **

           INITIAL GUESS ENERGETICS:            

      -----------------------------------------------
               NEORXCHF ENERGETIC COMPONENTS          
      -----------------------------------------------
                E_NUC=         0.0000000000
              E_ECORE=        -8.9941407820
                 E_EE=         1.8710843130
               E_OMG1=         1.5122006403
               E_OMG2=         0.6026222335
              S_TOTAL=         0.0272894267
              E_TOTAL=        -5.0082335952


 STARTING MICROITERATIONS FOR ITERATION   1

 ITER      TOTAL ENERGY        E CHANGE       ALPHA DENS       BETA DENS        QMP DENS         ORBGRAD_A 
   1       -6.8322738708    -6.8322738708     0.6626027095     2.2902986905     3.5322485672     0.0000000000
          ---------------START SECOND ORDER SCF---------------
   2       -6.8837524376    -0.0514785669     0.0090387848     1.9120832694     3.5322485672     0.0305238087
   3       -6.8934219469    -0.0096695093     0.0038436077     0.8504269798     3.5322485672     0.0081430514
   4       -6.8937429069    -0.0003209600     0.0030005997     0.0908911129     3.5322485672     0.0133517943
   5       -6.8938565018    -0.0001135949     0.0011684345     0.2169844735     3.5322485672     0.0023470157
   6       -6.8938998712    -0.0000433694     0.0001884518     0.3828098284     3.5322485672     0.0003820177
   7       -6.8939131167    -0.0000132455     0.0000064832     0.7039615406     3.5322485672     0.0000496960
   8       -6.8939154140    -0.0000022973     0.0000011325     0.2485459594     3.5322485672     0.0000049304
   9       -6.8939154877    -0.0000000737     0.0000001320     0.0393489373     3.5322485672     0.0000002229
  10       -6.8939155208    -0.0000000331     0.0000002349     0.0006868867     3.5322485672     0.0000001387
  11       -6.8939154940     0.0000000268     0.0000002008     0.0010084610     3.5322485672     0.0000005911
  12       -6.8939154942    -0.0000000002     0.0000000038     0.0004554796     3.5322485672     0.0000000141
  13       -6.8939154940     0.0000000002     0.0000000035     0.0000076705     3.5322485672     0.0000000046
  14       -6.8939154940     0.0000000000     0.0000000001     0.0000038158     3.5322485672     0.0000000003
  15       -6.8939154940     0.0000000000     0.0000000000     0.0000000936     3.5322485672     0.0000000000
 CONVERGED ITERATION   1 IN  15 MICROITERATIONS


 STARTING MICROITERATIONS FOR ITERATION   2

 ITER      TOTAL ENERGY        E CHANGE       ALPHA DENS       BETA DENS        QMP DENS         ORBGRAD_A 
   1       -7.3288966650    -0.4349811710     0.0058305957     1.5529608874     3.6687348392     0.0000000000
          ---------------START SECOND ORDER SCF---------------
   2       -7.3288568654     0.0000397997     0.0007611897     0.7742989200     3.6687348392     0.0006920778
   3       -7.3288559492     0.0000009161     0.0001200494     0.4747557397     3.6687348392     0.0000983905
   4       -7.3288557108     0.0000002385     0.0000016041     0.0050382962     3.6687348392     0.0000044291
   5       -7.3288557822    -0.0000000715     0.0000012567     0.0022139419     3.6687348392     0.0000074961
   6       -7.3288557899    -0.0000000077     0.0000000941     0.0004556695     3.6687348392     0.0000002026
   7       -7.3288557919    -0.0000000020     0.0000000254     0.0000412378     3.6687348392     0.0000000717
   8       -7.3288557919     0.0000000000     0.0000000006     0.0000139814     3.6687348392     0.0000000006
   9       -7.3288557919     0.0000000000     0.0000000001     0.0000000037     3.6687348392     0.0000000001
 CONVERGED ITERATION   2 IN   9 MICROITERATIONS


 STARTING MICROITERATIONS FOR ITERATION   3

 ITER      TOTAL ENERGY        E CHANGE       ALPHA DENS       BETA DENS        QMP DENS         ORBGRAD_A 
   1       -7.4312994121    -0.1024436203     0.0004657508     0.7145865972     5.4906156548     0.0000000000
          ---------------START SECOND ORDER SCF---------------
   2       -7.4313715650    -0.0000721529     0.0001132139     0.4289925635     5.4906156548     0.0002916477
   3       -7.4313752027    -0.0000036377     0.0000321942     0.1675009893     5.4906156548     0.0000563923
   4       -7.4313751226     0.0000000801     0.0000028272     0.0114412542     5.4906156548     0.0000108862
   5       -7.4313751247    -0.0000000021     0.0000013062     0.0002575623     5.4906156548     0.0000033797
   6       -7.4313751297    -0.0000000050     0.0000003779     0.0000088329     5.4906156548     0.0000008774
   7       -7.4313751295     0.0000000002     0.0000000130     0.0000162543     5.4906156548     0.0000000231
   8       -7.4313751295     0.0000000000     0.0000000004     0.0000008327     5.4906156548     0.0000000015
 CONVERGED ITERATION   3 IN   8 MICROITERATIONS


 STARTING MICROITERATIONS FOR ITERATION   4

 ITER      TOTAL ENERGY        E CHANGE       ALPHA DENS       BETA DENS        QMP DENS         ORBGRAD_A 
   1       -7.4634254721    -0.0320503426     0.0002328206     0.4720420805     5.7006979913     0.0000000000
          ---------------START SECOND ORDER SCF---------------
   2       -7.4634471376    -0.0000216655     0.0000616227     0.2469549118     5.7006979913     0.0001412767
   3       -7.4634476157    -0.0000004781     0.0000175811     0.0090863812     5.7006979913     0.0000299550
   4       -7.4634475787     0.0000000370     0.0000016368     0.0002308335     5.7006979913     0.0000055247
   5       -7.4634475748     0.0000000039     0.0000010930     0.0000149704     5.7006979913     0.0000021761
   6       -7.4634475778    -0.0000000030     0.0000003461     0.0000030966     5.7006979913     0.0000007457
   7       -7.4634475778     0.0000000000     0.0000000048     0.0000013355     5.7006979913     0.0000000096
   8       -7.4634475778     0.0000000000     0.0000000006     0.0000000143     5.7006979913     0.0000000008
 CONVERGED ITERATION   4 IN   8 MICROITERATIONS


 STARTING MICROITERATIONS FOR ITERATION   5

 ITER      TOTAL ENERGY        E CHANGE       ALPHA DENS       BETA DENS        QMP DENS         ORBGRAD_A 
   1       -7.4745619974    -0.0111144197     0.0001213904     0.4067039083     2.4390469528     0.0000000000
          ---------------START SECOND ORDER SCF---------------
   2       -7.4745645620    -0.0000025645     0.0000270443     0.0548723061     2.4390469528     0.0000613834
   3       -7.4745646584    -0.0000000964     0.0000068531     0.0003742722     2.4390469528     0.0000092519
   4       -7.4745646568     0.0000000016     0.0000004200     0.0000143518     2.4390469528     0.0000010384
   5       -7.4745646563     0.0000000006     0.0000003233     0.0000001306     2.4390469528     0.0000008110
 CONVERGED ITERATION   5 IN   5 MICROITERATIONS


 STARTING MICROITERATIONS FOR ITERATION   6

 ITER      TOTAL ENERGY        E CHANGE       ALPHA DENS       BETA DENS        QMP DENS         ORBGRAD_A 
   1       -7.4787578715    -0.0041932153     0.0000576860     0.4013981287     4.0225983799     0.0000000000
          ---------------START SECOND ORDER SCF---------------
   2       -7.4787677144    -0.0000098429     0.0000272312     0.0806814922     4.0225983799     0.0000632731
   3       -7.4787677920    -0.0000000776     0.0000066879     0.0016433298     4.0225983799     0.0000106348
   4       -7.4787677900     0.0000000020     0.0000004629     0.0000133350     4.0225983799     0.0000014454
   5       -7.4787677894     0.0000000007     0.0000003714     0.0000002209     4.0225983799     0.0000008709
 CONVERGED ITERATION   6 IN   5 MICROITERATIONS


 STARTING MICROITERATIONS FOR ITERATION   7

 ITER      TOTAL ENERGY        E CHANGE       ALPHA DENS       BETA DENS        QMP DENS         ORBGRAD_A 
   1       -7.4802711919    -0.0015034026     0.0000337527     0.1973338025     0.8744749355     0.0000000000
          ---------------START SECOND ORDER SCF---------------
   2       -7.4802725117    -0.0000013198     0.0000157872     0.0214045399     0.8744749355     0.0000367086
   3       -7.4802725397    -0.0000000280     0.0000036781     0.0001588334     0.8744749355     0.0000054746
   4       -7.4802725395     0.0000000003     0.0000003067     0.0000037209     0.8744749355     0.0000006812
   5       -7.4802725392     0.0000000002     0.0000001915     0.0000000116     0.8744749355     0.0000004944
 CONVERGED ITERATION   7 IN   5 MICROITERATIONS


 STARTING MICROITERATIONS FOR ITERATION   8

 ITER      TOTAL ENERGY        E CHANGE       ALPHA DENS       BETA DENS        QMP DENS         ORBGRAD_A 
   1       -7.4809015647    -0.0006290255     0.0000181418     0.1896149488     1.7201141888     0.0000000000
          ---------------START SECOND ORDER SCF---------------
   2       -7.4809018993    -0.0000003346     0.0000117904     0.0107289563     1.7201141888     0.0000276025
   3       -7.4809019142    -0.0000000149     0.0000025558     0.0000358075     1.7201141888     0.0000037500
   4       -7.4809019143    -0.0000000001     0.0000002555     0.0000018812     1.7201141888     0.0000004442
   5       -7.4809019142     0.0000000001     0.0000001281     0.0000000160     1.7201141888     0.0000003574
 CONVERGED ITERATION   8 IN   5 MICROITERATIONS


 STARTING MICROITERATIONS FOR ITERATION   9

 ITER      TOTAL ENERGY        E CHANGE       ALPHA DENS       BETA DENS        QMP DENS         ORBGRAD_A 
   1       -7.4810392308    -0.0001373167     0.0000104284     0.0742067530     0.7385120372     0.0000000000
          ---------------START SECOND ORDER SCF---------------
   2       -7.4810392590    -0.0000000282     0.0000043244     0.0011703326     0.7385120372     0.0000100558
   3       -7.4810392630    -0.0000000039     0.0000008928     0.0000023601     0.7385120372     0.0000010867
   4       -7.4810392631    -0.0000000001     0.0000000946     0.0000004126     0.7385120372     0.0000001092
 CONVERGED ITERATION   9 IN   4 MICROITERATIONS


 STARTING MICROITERATIONS FOR ITERATION  10

 ITER      TOTAL ENERGY        E CHANGE       ALPHA DENS       BETA DENS        QMP DENS         ORBGRAD_A 
   1       -7.4810462152    -0.0000069521     0.0000027175     0.0149420992     0.1798413573     0.0000000000
          ---------------START SECOND ORDER SCF---------------
   2       -7.4810462196    -0.0000000045     0.0000007792     0.0000443150     0.1798413573     0.0000017975
   3       -7.4810462203    -0.0000000007     0.0000001657     0.0000003543     0.1798413573     0.0000001791
 CONVERGED ITERATION  10 IN   3 MICROITERATIONS


 STARTING MICROITERATIONS FOR ITERATION  11

 ITER      TOTAL ENERGY        E CHANGE       ALPHA DENS       BETA DENS        QMP DENS         ORBGRAD_A 
   1       -7.4810462978    -0.0000000775     0.0000003012     0.0015369619     0.0185459838     0.0000000000
          ---------------START SECOND ORDER SCF---------------
   2       -7.4810462982    -0.0000000004     0.0000000781     0.0000005458     0.0185459838     0.0000001796
 CONVERGED ITERATION  11 IN   2 MICROITERATIONS


 STARTING MICROITERATIONS FOR ITERATION  12

 ITER      TOTAL ENERGY        E CHANGE       ALPHA DENS       BETA DENS        QMP DENS         ORBGRAD_A 
   1       -7.4810462989    -0.0000000006     0.0000000317     0.0001183221     0.0013982676     0.0000000000
          ---------------START SECOND ORDER SCF---------------
   2       -7.4810462989     0.0000000000     0.0000000077     0.0000000137     0.0013982676     0.0000000159
 CONVERGED ITERATION  12 IN   2 MICROITERATIONS


 STARTING MICROITERATIONS FOR ITERATION  13

 ITER      TOTAL ENERGY        E CHANGE       ALPHA DENS       BETA DENS        QMP DENS         ORBGRAD_A 
   1       -7.4810462989     0.0000000000     0.0000000025     0.0000087756     0.0001033470     0.0000000000
          ---------------START SECOND ORDER SCF---------------
   2       -7.4810462989     0.0000000000     0.0000000006     0.0000000009     0.0001033470     0.0000000012
 CONVERGED ITERATION  13 IN   2 MICROITERATIONS


 STARTING MICROITERATIONS FOR ITERATION  14

 ITER      TOTAL ENERGY        E CHANGE       ALPHA DENS       BETA DENS        QMP DENS         ORBGRAD_A 
   1       -7.4810462989     0.0000000000     0.0000000002     0.0000006489     0.0000076399     0.0000000000
 CONVERGED ITERATION  14 IN   1 MICROITERATIONS


 FINAL NEORXCHF ENERGY IS       -7.4810462989 AFTER  14 ITERATIONS

      -----------------------------------------------
               NEORXCHF ENERGETIC COMPONENTS          
      -----------------------------------------------
                E_NUC=         0.0000000000
              E_ECORE=        -8.8832855140
                 E_EE=         1.6503921271
               E_OMG1=        -0.2720207516
               E_OMG2=         0.0238678396
              S_TOTAL=         3.8494115782
              E_TOTAL=        -7.4810462989


  REGULAR ELECTRONIC ORBITALS AND EIGENVALUES:       

                        1          2          3          4          5

                     -2.7793    -0.1879    -0.0713    -0.0363     0.0336

    1  LABEL       -0.010190   0.699821   0.542596   0.214472   2.502327
    2  LABEL        0.023020   0.497938   0.396618   0.261971  -2.007590
    3  LABEL       -0.188381  -0.162349  -0.100121  -0.060507   0.388896
    4  LABEL       -0.568946  -0.125692  -0.056968  -0.028101   0.104157
    5  LABEL       -0.311729  -0.051801  -0.024971  -0.013217   0.062866
    6  LABEL       -0.086882  -0.013638  -0.006227  -0.003141   0.012821
    7  LABEL       -0.017331  -0.002657  -0.001272  -0.000671   0.003163
    8  LABEL       -0.004841  -0.000741  -0.000340  -0.000173   0.000725
    9  LABEL        0.004399  -0.060058  -1.347831  -1.364151  -1.658901
   10  LABEL       -0.001365   0.020474   0.054832   1.554584   0.616003

                        6          7          8          9         10

                      0.9865     6.8763    34.3279   150.6512   635.7534

    1  LABEL       -0.965678  -0.332720   0.134154  -0.059431   0.027172
    2  LABEL        1.864946   0.702926  -0.281297   0.123986  -0.056585
    3  LABEL       -2.448480  -1.425515   0.584215  -0.254868   0.115722
    4  LABEL        1.133176   2.293830  -1.200080   0.526596  -0.236541
    5  LABEL        0.066084  -1.643378   2.086116  -1.084483   0.486831
    6  LABEL        0.070318   0.058783  -1.835491   1.943548  -0.997323
    7  LABEL        0.003727  -0.058896   0.168901  -1.852003   1.783406
    8  LABEL        0.003308  -0.000142  -0.049081   0.159318  -1.671033
    9  LABEL        0.428778   0.146428  -0.059293   0.026311  -0.012036
   10  LABEL       -0.134297  -0.045798   0.018566  -0.008242   0.003771

  SPECIAL ELECTRONIC ORBITALS AND EIGENVALUES:       

                        1          2          3          4          5

                      0.0000     0.0094     0.0580     0.2275     0.9295

    1  LABEL        0.164435   0.077254   1.637544   2.097725   0.953678
    2  LABEL        0.059066  -0.155859   0.016985  -2.129292  -1.849146
    3  LABEL       -0.042069   0.072489  -0.062873   0.441202   2.454895
    4  LABEL       -0.033283   0.037621  -0.098707   0.143752  -1.153221
    5  LABEL       -0.011090   0.015032  -0.025506   0.064796  -0.056776
    6  LABEL       -0.003360   0.004008  -0.009199   0.015100  -0.067158
    7  LABEL       -0.000614   0.000824  -0.001428   0.003475  -0.003653
    8  LABEL       -0.000184   0.000224  -0.000491   0.000858  -0.003203
    9  LABEL        0.138919  -1.448248  -1.794260  -1.054735  -0.410836
   10  LABEL        0.799665   1.289698   0.631764   0.316411   0.125246

                        6          7          8          9         10

                      4.4352    20.1681    86.8800   365.3164     0.0000

    1  LABEL        0.332125  -0.134878  -0.059607   0.027200   0.000000
    2  LABEL       -0.702864   0.283078   0.124382  -0.056647   0.000000
    3  LABEL        1.407828  -0.587535  -0.255624   0.115845   0.000000
    4  LABEL       -2.283031   1.200020   0.527909  -0.236763   0.000000
    5  LABEL        1.646407  -2.083589  -1.086131   0.487217   0.000000
    6  LABEL       -0.059295   1.834279   1.944515  -0.997886   0.000000
    7  LABEL        0.058647  -0.167541  -1.851696   1.783862   0.000000
    8  LABEL        0.000193   0.048902   0.158945  -1.671074   0.000000
    9  LABEL       -0.145050   0.059505   0.026378  -0.012047   0.000000
   10  LABEL        0.045106  -0.018608  -0.008261   0.003774   0.000000

       QM PARTICLE ORBITALS AND EIGENVALUES:         

                        1          2          3          4          5

                      0.0000     0.0066     0.0693     0.4950     2.4850

    1  LABEL       -0.179189  -2.193130   6.130272   5.989406  -3.806853
    2  LABEL        0.114663   0.664721  -3.183542  -6.992318   6.261859
    3  LABEL        0.000010  -0.240369   0.959201   3.718708  -6.949228
    4  LABEL        0.007325   0.060638  -0.304392  -1.147083   3.536557
    5  LABEL       -0.001102  -0.017159   0.078980   0.317186  -0.985412
    6  LABEL        0.000803   0.002298  -0.015673  -0.051854   0.192309
    7  LABEL        0.499275   4.289059  -4.739012  -3.039063   1.783386
    8  LABEL       -1.352024  -2.456458   1.478483   0.862483  -0.499413

                        6          7          8

                      8.7795    23.5490    73.3407

    1  LABEL        2.294990  -1.452063   0.883957
    2  LABEL       -4.057264   2.599333  -1.565373
    3  LABEL        6.079454  -4.228475   2.534458
    4  LABEL       -6.195396   5.876784  -3.755685
    5  LABEL        2.540503  -5.239360   4.504577
    6  LABEL       -0.372100   1.461178  -2.977501
    7  LABEL       -1.063828   0.672956  -0.412233
    8  LABEL        0.297732  -0.188489   0.115795

          +--------------------------------------+
          |    TIMING SUMMARY FOR CALCULATION    |
          +--------------------------------------+
            TIME TO EVALUATE INTEGRALS:      44.5933
                          TIME FOR SCF:      24.2990

