
 ============================================================
        ______     _ _   _ _____ ___            ______       
       / / / /    |   \ | | ____/ _ \           \ \ \ \      
      / / / /     | |  \| |  _|| | | |_____      \ \ \ \     
      \ \ \ \     | | |\  | |__| |_|  _____|     / / / /     
       \_\_\_\    |  _| \_|_____\___/           /_/_/_/      
                  |_|                                        
                                                             
 ============================================================

 Running executable: 
    /home/asirjoos/codes/RXCHF/NEO-RXCHF/bin/runRXCHF.exe
 Input file: 
    exam_rxchfae
 
 
 &SYSINFO
 NAT     =                     1,
 NEBF    =                     6,
 NPEBF   =                    11,
 NPBF    =                     5,
 NGTG    =                     5,
 PMASS   =   1836.00000000000     ,
 NELEC   =                     4,
 NUCST   =                     1
 /
 
 
 &CONTROL
 LNEOHF  = F,
 LXCUHF  = F,
 LXCROHF = F,
 LRXCHF  = T,
 LRXCUHF = F
 /
 
 
 &GUESSMO
 READ_CE = F,
 READ_CP = F
 /
 
 
 &INTCTRL
 READ_GAM2       = F,
 READ_GAM3       = F,
 READ_GAM4       = F,
 NG2CHK  =                     1,
 NG3CHK  =                     1,
 NG4CHK  =                     1
 /
 
 
 &SCFCTRL
 LDBG    = F,
 LSOSCF  = T,
 LOCBSE  = T
 /
 
 
 &RXCHF
 NAE     =                     2,
 NBE     =                     2,
 EXCHLEV =                     1,
 NEBFBE  =                     6
 /
 
 
 nebfBE =                     6
 contracted indices to use for special elec basis:
   1   2   3   4   5   6
 
 
 GEMINAL PARAMETERS
   k          b_k                 gamma_k
   1      0.50000000          0.10000000E-14
   2       9.1740000          0.45000000    
   3       9.5400000           2.0780000    
   4       6.0720000          0.92000000E-01
   5       5.6050000           13.799000    
 
 
 ========================================
 
  Running closed shell RXCHF calculation
  performed at the RXCHF-ae level
 
 ========================================
 
 
 ATOMIC COORDINATES (BOHR)
 
 CHARGE -X COORDINATE- -Y COORDINATE- -Z COORDINATE-
   3.0     0.00000000     0.00000000    -0.84185218
 
 
  CHECK CONTRACTED ELECTRONIC BASIS FUNCTIONS 
 CONT INDEX    KPESTR     KPEEND
   1     1    3
   2     4    6
   3     7    7
   4     8    8
   5     9   10
   6    11   11
 
 ELECTRONIC BASIS FUNCTIONS:
 
 PRIM  CONT    ANG       EXPONENT CONTRACT  -X- -Y- -Z-
 INDEX INDEX   MOM                  COEF
   1     1    0  0  0   97.585000  0.022358  0.000000  0.000000 -0.841852
   2     1    0  0  0   14.755000  0.144990  0.000000  0.000000 -0.841852
   3     1    0  0  0    3.223300  0.345940  0.000000  0.000000 -0.841852
   4     2    0  0  0   14.755000  0.005188  0.000000  0.000000 -0.841852
   5     2    0  0  0    3.223300  0.166980  0.000000  0.000000 -0.841852
   6     2    0  0  0    0.787890  0.725660  0.000000  0.000000 -0.841852
   7     3    0  0  0    0.051009  1.000000  0.000000  0.000000 -0.841852
   8     4    0  0  1    0.330000  1.000000  0.000000  0.000000 -0.841852
   9     5    0  0  0    4.344800  0.079299  0.000000  0.000000  2.164660
  10     5    0  0  0    0.660490  0.424220  0.000000  0.000000  2.164660
  11     6    0  0  0    0.136690  1.000000  0.000000  0.000000  2.164660
 ELECTRONIC BASIS FUNCTIONS:
 CONTRACT COEFF HAVE BEEN NORMALIZED
 
 PRIM  CONT    ANG       EXPONENT CONTRACT  -X- -Y- -Z-
 INDEX INDEX   MOM                  COEF
   1     1    0  0  0   97.585000  1.065915  0.000000  0.000000 -0.841852
   2     1    0  0  0   14.755000  1.676081  0.000000  0.000000 -0.841852
   3     1    0  0  0    3.223300  1.277847  0.000000  0.000000 -0.841852
   4     2    0  0  0   14.755000  0.032588  0.000000  0.000000 -0.841852
   5     2    0  0  0    3.223300  0.335189  0.000000  0.000000 -0.841852
   6     2    0  0  0    0.787890  0.506387  0.000000  0.000000 -0.841852
   7     3    0  0  0    0.051009  0.076497  0.000000  0.000000 -0.841852
   8     4    0  0  1    0.330000  0.356519  0.000000  0.000000 -0.841852
   9     5    0  0  0    4.344800  0.359586  0.000000  0.000000  2.164660
  10     5    0  0  0    0.660490  0.468327  0.000000  0.000000  2.164660
  11     6    0  0  0    0.136690  0.160218  0.000000  0.000000  2.164660
 
 NUCLEAR BASIS FUNCTIONS:
 
 PRIM  CONT    ANG       EXPONENT CONTRACT  -X- -Y- -Z-
 INDEX INDEX   MOM                  COEF
   1     1    0  0  0    2.091532  1.000000  0.000000  0.000000  2.164660
   2     2    0  0  0    3.622534  1.000000  0.000000  0.000000  2.164660
   3     3    0  0  0    6.274596  1.000000  0.000000  0.000000  2.164660
   4     4    0  0  0   10.867601  1.000000  0.000000  0.000000  2.164660
   5     5    0  0  0   18.823789  1.000000  0.000000  0.000000  2.164660
 
 NUCLEAR BASIS FUNCTIONS:
 CONTRACT COEFF HAVE BEEN NORMALIZED
 
 PRIM  CONT    ANG       EXPONENT CONTRACT  -X- -Y- -Z-
 INDEX INDEX   MOM                  COEF
   1     1    0  0  0    2.091532  1.239534  0.000000  0.000000  2.164660
   2     2    0  0  0    3.622534  1.871412  0.000000  0.000000  2.164660
   3     3    0  0  0    6.274596  2.825527  0.000000  0.000000  2.164660
   4     4    0  0  0   10.867601  4.265897  0.000000  0.000000  2.164660
   5     5    0  0  0   18.823789  6.440808  0.000000  0.000000  2.164660
 
 STARTING DRIVER FOR RXCHFMULT CALCULATION
 
 
 Reordered basis:
 
 PRIM  CONT    ANG       EXPONENT CONTRACT  -X- -Y- -Z-
 INDEX INDEX   MOM                  COEF
   1     1    0  0  0   97.585000  1.065915  0.000000  0.000000 -0.841852
   2     1    0  0  0   14.755000  1.676081  0.000000  0.000000 -0.841852
   3     1    0  0  0    3.223300  1.277847  0.000000  0.000000 -0.841852
   4     2    0  0  0   14.755000  0.032588  0.000000  0.000000 -0.841852
   5     2    0  0  0    3.223300  0.335189  0.000000  0.000000 -0.841852
   6     2    0  0  0    0.787890  0.506387  0.000000  0.000000 -0.841852
   7     3    0  0  0    0.051009  0.076497  0.000000  0.000000 -0.841852
   8     4    0  0  1    0.330000  0.356519  0.000000  0.000000 -0.841852
   9     5    0  0  0    4.344800  0.359586  0.000000  0.000000  2.164660
  10     5    0  0  0    0.660490  0.468327  0.000000  0.000000  2.164660
  11     6    0  0  0    0.136690  0.160218  0.000000  0.000000  2.164660
 
  CHECK CONTRACTED ELECTRONIC BASIS FUNCTIONS 
 CONT INDEX    KPESTR     KPEEND
   1     1    3
   2     4    6
   3     7    7
   4     8    8
   5     9   10
   6    11   11
 
 Special electron basis:
 
 PRIM  CONT    ANG       EXPONENT CONTRACT  -X- -Y- -Z-
 INDEX INDEX   MOM                  COEF
   1     1    0  0  0   97.585000  1.065915  0.000000  0.000000 -0.841852
   2     1    0  0  0   14.755000  1.676081  0.000000  0.000000 -0.841852
   3     1    0  0  0    3.223300  1.277847  0.000000  0.000000 -0.841852
   4     2    0  0  0   14.755000  0.032588  0.000000  0.000000 -0.841852
   5     2    0  0  0    3.223300  0.335189  0.000000  0.000000 -0.841852
   6     2    0  0  0    0.787890  0.506387  0.000000  0.000000 -0.841852
   7     3    0  0  0    0.051009  0.076497  0.000000  0.000000 -0.841852
   8     4    0  0  1    0.330000  0.356519  0.000000  0.000000 -0.841852
   9     5    0  0  0    4.344800  0.359586  0.000000  0.000000  2.164660
  10     5    0  0  0    0.660490  0.468327  0.000000  0.000000  2.164660
  11     6    0  0  0    0.136690  0.160218  0.000000  0.000000  2.164660
 
  CHECK CONTRACTED ELECTRONIC BASIS FUNCTIONS 
 CONT INDEX    KPESTR     KPEEND
   1     1    3
   2     4    6
   3     7    7
   4     8    8
   5     9   10
   6    11   11
 
 CONTRACTED ELECTRONIC OVERLAP MATRIX
 

             1           2           3           4           5

    1    1.0000000
    2    0.7225394   1.0000000
    3    0.1048713   0.3050711   1.0000000
    4    0.0000000   0.0000000   0.0000000   1.0000000
    5    0.0033146   0.0304622   0.2271924   0.2710432   1.0000000
    6    0.0645138   0.1923014   0.5998805   0.3667058   0.6208334

             6

    6    1.0000000
 
 NUCLEAR OVERLAP MATRIX
 

             1           2           3           4           5

    1    1.0000000
    2    0.9456596   1.0000000
    3    0.8059274   0.9456485   1.0000000
    4    0.6311458   0.8059275   0.9456597   1.0000000
    5    0.4647580   0.6311271   0.8059274   0.9456485   1.0000000
 
 **************************************
  CALCULATING ELEC+NUC CORE INTEGRALS  
 **************************************
 
 
 **************************************
     Computing GAM_ee Integrals    
 
 nebf =                     6
 npebf=                    11
 ngee =                  1296
 **************************************
 
 
 ---------------------------
  Calculating:   XCHF_GAM1  
 ---------------------------
 
 
 **************************************
        GAM_1 Integrals    
 
 METHOD = MD
 npebf  =                    11
 nebf   =                     6
 npbf   =                     5
 ng1    =                   900
  Available processors:           16
  Available threads               16
  Threads in use                   1
 **************************************
 
  Hello from process                      2
  Hello from process                      9
  Hello from process                      5
  Hello from process                      7
  Hello from process                     14
  Hello from process                      8
  Hello from process                      3
  Hello from process                      4
  Hello from process                     13
  Hello from process                      6
  Hello from process                     12
  Hello from process                      0
 Threads in use          16
  Hello from process                     15
  Hello from process                     10
  Hello from process                     11
  Hello from process                      1
 TIME TO CALCULATE GAM_1 INTEGRALS:   0.442413091659546     
 
 ---------------------------
  Calculating:     INT_GAM2 
                 INT_GAM2ex 
                  XCHF_GAM2 
                 XCHF_GAM2s 
 ---------------------------
 

      +---------------------------------------------+
      |     CALCULATING 3-PARTICLE INTEGRALS        |
      |            --IN-CORE APPROACH--             |
      +---------------------------------------------+
                                  
           NUMBER OF 3-PARTICLE INTEGRALS:         32400
          NUMBER OF BLOCKS (USER DEFINED):             1
                                  
          COMPUTATIONAL RESOURCES:
          ------------------------
             CORES PER NODE:  16
                  AVAILABLE:  16
            NUMBER OF NODES:   1

            TIME TO EVALUATE BLOCK     1     278.16

          TIMING SUMMARY FOR 3-PARTICLE INTEGRALS:
          ----------------------------------------
            TIME TO EVALUATE ALL INTEGRALS:     278.1605
              TIME TO SYMMETRIZE INTEGRALS:       0.0039

 INT_GAM2 written to disk
 INT_GAM2ex written to disk
 XCHF_GAM2 written to disk
 XCHF_GAM2s written to disk
 
 ---------------------------
  Calculating:     INT_GAM3 
                INT_GAM3ex1 
                INT_GAM3ex2 
 ---------------------------
 

      +---------------------------------------------+
      |     CALCULATING 4-PARTICLE INTEGRALS        |
      |            --IN-CORE APPROACH--             |
      +---------------------------------------------+
                                  
           NUMBER OF 4-PARTICLE INTEGRALS:       1166400
          NUMBER OF BLOCKS (USER DEFINED):             1
                                  
          COMPUTATIONAL RESOURCES:
          ------------------------
             CORES PER NODE:  16
                  AVAILABLE:  16
            NUMBER OF NODES:   1

            TIME TO EVALUATE BLOCK     1    1200.13

          TIMING SUMMARY FOR 4-PARTICLE INTEGRALS:
          ----------------------------------------
            TIME TO EVALUATE ALL INTEGRALS:    1200.1326
              TIME TO SYMMETRIZE INTEGRALS:       0.0739

 INT_GAM3 written to disk
 INT_GAM3ex1 written to disk
 INT_GAM3ex2 written to disk
 Using LOCBSE2
 READ IN NUC REPULSION
 
 READ IN NUC OVLAP
 READ IN ELEC OVLAP
 READ IN GAM_ECORE
 READ IN GAM_PCORE
 READ IN GAM_EE
 
 ABOUT TO CALL guess_A_elec
 BACK FROM guess_elec for OCBSE
 ABOUT TO CALL guess_prot
 BACK FROM guess_prot
 

       ** BEGIN RXCHF SELF-CONSISTENT-FIELD CALCULATION **

           INITIAL GUESS ENERGETICS:            

      -----------------------------------------------
               NEORXCHF ENERGETIC COMPONENTS         
      -----------------------------------------------
                E_NUC=         0.0000000000
            ---------------------------------
              E_ECORE=        -8.9574708643
                 E_EE=         1.8392922096
                 E_HF=        -7.1181786548
            ---------------------------------
               E_GAM1=       -30.6330109063
               E_GAM2=      -113.1145109433
               E_GAM3=         0.0000000000
               E_GAM4=         0.0000000000
               E_XCHF=        -1.4855298146
            ---------------------------------
               E_OMG2=         0.2021895064
               E_OMG3=         1.3000476757
               E_OMG4=         0.0000000000
                E_int=         1.5022371821
            ---------------------------------
              S_TOTAL=        96.7651543795
              E_TOTAL=        -7.1014712873
      -----------------------------------------------


 STARTING MICROITERATIONS FOR ITERATION   1

 ITER      TOTAL ENERGY        E CHANGE       ALPHA DENS       BETA DENS        QMP DENS         ORBGRAD_A        ORBGRAD_B 
   1       -7.8589364968    -7.8589364968     0.7457357707     1.8388451166   191.2580158939     0.0000000000     0.0000000000
          ---------------START SECOND ORDER SCF---------------
          ---------------START SECOND ORDER SCF---------------
   2       -7.8882172166    -0.0292807198     0.0171289955     0.3416316376   191.2580158939     0.0378627906     0.1179662644
 SOSCF IS SCALING ROTATION ANGLE MATRIX, SQCDF=    0.128967
   3       -7.9075930520    -0.0193758354     0.0020832373     0.6663288168   191.2580158939     0.0072014119     0.0554476207
   4       -7.9121939724    -0.0046009204     0.0016224041     0.1012121602   191.2580158939     0.0024803020     0.0602892422
 SOSCF IS SCALING ROTATION ANGLE MATRIX, SQCDF=    0.102130
   5       -7.9180541021    -0.0058601297     0.0005885249     0.4813686975   191.2580158939     0.0020984619     0.0424951262
   6       -7.8352832879     0.0827708142     0.1327385480     0.4547816657   191.2580158939     0.0060325914     0.0825817991
   7       -7.9013554604    -0.0660721725     0.1302824069     0.1363531286   191.2580158939     0.4000450257     0.0260763587
   8       -7.9036013300    -0.0022458696     0.0031678248     0.0712609028   191.2580158939     0.0068393209     0.0441504617
   9       -7.9049903100    -0.0013889800     0.0004812567     0.1582283841   191.2580158939     0.0058337471     0.0230434018
  10       -7.9049426790     0.0000476310     0.0012743949     0.0133909424   191.2580158939     0.0065661304     0.0132884413
  11       -7.9051626230    -0.0002199440     0.0009283437     0.0221217235   191.2580158939     0.0060224107     0.0082154043
  12       -7.9052302971    -0.0000676740     0.0005291714     0.0066789710   191.2580158939     0.0062441882     0.0005910845
  13       -7.9053198024    -0.0000895053     0.0011940659     0.0007074845   191.2580158939     0.0056139404     0.0002665303
  14       -7.9052993454     0.0000204570     0.0012977628     0.0072180366   191.2580158939     0.0032521678     0.0001600429
  15       -7.9052903082     0.0000090372     0.0009885301     0.0067530139   191.2580158939     0.0019715103     0.0029601449
  16       -7.9052644238     0.0000258844     0.0002338080     0.0004517500   191.2580158939     0.0006578335     0.0001549396
  17       -7.9052607987     0.0000036250     0.0000768681     0.0006288787   191.2580158939     0.0001578781     0.0002268180
  18       -7.9052612511    -0.0000004524     0.0000107374     0.0012404571   191.2580158939     0.0000277617     0.0001774402
  19       -7.9052615585    -0.0000003074     0.0000067155     0.0001886371   191.2580158939     0.0000118765     0.0000310572
  20       -7.9052615098     0.0000000487     0.0000022040     0.0000042951   191.2580158939     0.0000046404     0.0000019943
  21       -7.9052614668     0.0000000430     0.0000011200     0.0000007896   191.2580158939     0.0000020058     0.0000003139
  22       -7.9052614687    -0.0000000019     0.0000000134     0.0000007971   191.2580158939     0.0000000464     0.0000000587
 CONVERGED ITERATION   1 IN  22 MICROITERATIONS


 STARTING MICROITERATIONS FOR ITERATION   2

 ITER      TOTAL ENERGY        E CHANGE       ALPHA DENS       BETA DENS        QMP DENS         ORBGRAD_A        ORBGRAD_B 
   1       -7.8605809027     0.0446805660     0.0016269096     2.0814416527   191.2533739118     0.0000000000     0.0000000000
          ---------------START SECOND ORDER SCF---------------
          ---------------START SECOND ORDER SCF---------------
 SOSCF IS SCALING ROTATION ANGLE MATRIX, SQCDF=    0.470529
   2       -7.9194567411    -0.0588758385     0.0018298174     1.1080554522   191.2533739118     0.0043933293     0.0388306501
 SOSCF IS SCALING ROTATION ANGLE MATRIX, SQCDF=    0.897077
   3       -7.9638165322    -0.0443597911     0.0026821371     1.2694089752   191.2533739118     0.0067796570     0.0312125907
   4       -7.9641322954    -0.0003157631     0.0017667053     0.2931995522   191.2533739118     0.0063197057     0.0123592858
   5       -7.9649318034    -0.0007995081     0.0019798905     0.1587474186   191.2533739118     0.0038582556     0.0098665668
   6       -7.9648980881     0.0000337153     0.0007366079     0.0120735970   191.2533739118     0.0017238880     0.0036268110
   7       -7.9648969370     0.0000011511     0.0000559301     0.0014391053   191.2533739118     0.0000932667     0.0012072880
   8       -7.9648972093    -0.0000002723     0.0000098988     0.0002304887   191.2533739118     0.0000323913     0.0001039188
   9       -7.9648972508    -0.0000000415     0.0000062029     0.0000479500   191.2533739118     0.0000131717     0.0000063722
  10       -7.9648972190     0.0000000318     0.0000009077     0.0000012076   191.2533739118     0.0000016962     0.0000013777
  11       -7.9648972121     0.0000000069     0.0000001121     0.0000007239   191.2533739118     0.0000001706     0.0000005299
 CONVERGED ITERATION   2 IN  11 MICROITERATIONS


 STARTING MICROITERATIONS FOR ITERATION   3

 ITER      TOTAL ENERGY        E CHANGE       ALPHA DENS       BETA DENS        QMP DENS         ORBGRAD_A        ORBGRAD_B 
   1       -7.7722573008     0.1926399113     0.0000805004     2.7405489200     0.3413118571     0.0000000000     0.0000000000
          ---------------START SECOND ORDER SCF---------------
          ---------------START SECOND ORDER SCF---------------
 SOSCF IS SCALING ROTATION ANGLE MATRIX, SQCDF=    2.742837
   2       -7.9040373105    -0.1317800097     0.0096054972     2.1346080393     0.3413118571     0.0193346795     0.0943519643
 SOSCF IS SCALING ROTATION ANGLE MATRIX, SQCDF=    1.034608
   3       -7.9612040928    -0.0571667823     0.0048607329     1.2631801454     0.3413118571     0.0192235660     0.0340191467
 SOSCF IS SCALING ROTATION ANGLE MATRIX, SQCDF=    0.161854
   4       -7.9631067812    -0.0019026884     0.0074856082     0.5865216799     0.3413118571     0.0104850350     0.0139512942
   5       -7.9650876349    -0.0019808537     0.0028682874     0.3211286140     0.3413118571     0.0067350028     0.0107176765
   6       -7.9651746832    -0.0000870483     0.0002669617     0.0446649103     0.3413118571     0.0007811938     0.0029081267
   7       -7.9651757672    -0.0000010840     0.0000310232     0.0065629853     0.3413118571     0.0001018977     0.0005978687
   8       -7.9646779369     0.0004978303     0.0105473660     0.0290714386     0.3413118571     0.0001077899     0.0003418656
   9       -7.9651724890    -0.0004945521     0.0104932130     0.0251121651     0.3413118571     0.0176335933     0.0015927683
  10       -7.9651723308     0.0000001583     0.0000229705     0.0045289432     0.3413118571     0.0000708995     0.0001747262
  11       -7.9651729626    -0.0000006318     0.0000202212     0.0002905881     0.3413118571     0.0000756631     0.0000998355
  12       -7.9651732360    -0.0000002734     0.0000119489     0.0001276886     0.3413118571     0.0000565781     0.0000494178
  13       -7.9651730953     0.0000001407     0.0000032272     0.0000118572     0.3413118571     0.0000472626     0.0000041836
  14       -7.9651735061    -0.0000004108     0.0000068370     0.0000209755     0.3413118571     0.0000512564     0.0000018109
  15       -7.9651738020    -0.0000002959     0.0000027916     0.0000060319     0.3413118571     0.0000389590     0.0000006697
  16       -7.9651744840    -0.0000006820     0.0000080519     0.0000067990     0.3413118571     0.0000412993     0.0000007025
  17       -7.9651749439    -0.0000004600     0.0000078186     0.0000041824     0.3413118571     0.0000363460     0.0000002299
  18       -7.9651750052    -0.0000000613     0.0000090485     0.0000010822     0.3413118571     0.0000206672     0.0000006774
  19       -7.9651748911     0.0000001141     0.0000028193     0.0000030306     0.3413118571     0.0000047377     0.0000010911
  20       -7.9651748490     0.0000000421     0.0000004486     0.0000185904     0.3413118571     0.0000013387     0.0000012664
  21       -7.9651748481     0.0000000009     0.0000000848     0.0000006501     0.3413118571     0.0000001524     0.0000001798
 CONVERGED ITERATION   3 IN  21 MICROITERATIONS


 STARTING MICROITERATIONS FOR ITERATION   4

 ITER      TOTAL ENERGY        E CHANGE       ALPHA DENS       BETA DENS        QMP DENS         ORBGRAD_A        ORBGRAD_B 
   1       -7.7633260343     0.2018488138     0.0000027020     2.7378658094     0.0203553863     0.0000000000     0.0000000000
          ---------------START SECOND ORDER SCF---------------
          ---------------START SECOND ORDER SCF---------------
 SOSCF IS SCALING ROTATION ANGLE MATRIX, SQCDF=    3.057270
   2       -7.9019759693    -0.1386499350     0.0104206846     2.2186319894     0.0203553863     0.0210309915     0.0993554757
 SOSCF IS SCALING ROTATION ANGLE MATRIX, SQCDF=    0.918320
   3       -7.9590521706    -0.0570762013     0.0051941963     1.1872538657     0.0203553863     0.0203841264     0.0343268410
 SOSCF IS SCALING ROTATION ANGLE MATRIX, SQCDF=    0.208081
   4       -7.9634634655    -0.0044112949     0.0087501957     0.6331467945     0.0203553863     0.0117977286     0.0155300608
   5       -7.9650555559    -0.0015920905     0.0034557681     0.3048197934     0.0203553863     0.0079150898     0.0095970811
   6       -7.9651728668    -0.0001173108     0.0001638466     0.0527769129     0.0203553863     0.0004161190     0.0031308961
   7       -7.9651748929    -0.0000020262     0.0000680149     0.0071107951     0.0203553863     0.0003489154     0.0006486721
   8       -7.9651771423    -0.0000022494     0.0003428009     0.0002335984     0.0203553863     0.0002911354     0.0001238848
   9       -7.9651762791     0.0000008632     0.0001816649     0.0001447300     0.0203553863     0.0003265232     0.0000492039
  10       -7.9651763889    -0.0000001098     0.0000021766     0.0000722874     0.0203553863     0.0000041453     0.0000290039
  11       -7.9651763751     0.0000000138     0.0000007335     0.0000380616     0.0203553863     0.0000018922     0.0000024022
  12       -7.9651763523     0.0000000228     0.0000010226     0.0000114461     0.0203553863     0.0000010927     0.0000013283
  13       -7.9651763605    -0.0000000083     0.0000003942     0.0000023669     0.0203553863     0.0000006837     0.0000004454
  14       -7.9651763601     0.0000000004     0.0000000337     0.0000004128     0.0203553863     0.0000000637     0.0000000503
 CONVERGED ITERATION   4 IN  14 MICROITERATIONS


 STARTING MICROITERATIONS FOR ITERATION   5

 ITER      TOTAL ENERGY        E CHANGE       ALPHA DENS       BETA DENS        QMP DENS         ORBGRAD_A        ORBGRAD_B 
   1       -7.7629827453     0.2021936148     0.0000000951     2.7375918086     0.0007206576     0.0000000000     0.0000000000
          ---------------START SECOND ORDER SCF---------------
          ---------------START SECOND ORDER SCF---------------
 SOSCF IS SCALING ROTATION ANGLE MATRIX, SQCDF=    3.070100
   2       -7.9019046663    -0.1389219211     0.0104511333     2.2216688195     0.0007206576     0.0210943593     0.0995355903
 SOSCF IS SCALING ROTATION ANGLE MATRIX, SQCDF=    0.913881
   3       -7.9589622105    -0.0570575441     0.0052066874     1.1842469620     0.0007206576     0.0204277784     0.0343372365
 SOSCF IS SCALING ROTATION ANGLE MATRIX, SQCDF=    0.209837
   4       -7.9634793563    -0.0045171459     0.0087967677     0.6345217822     0.0007206576     0.0118453695     0.0155798158
   5       -7.9650546016    -0.0015752453     0.0034769069     0.3038686546     0.0007206576     0.0079562272     0.0095452803
   6       -7.9651727912    -0.0001181896     0.0001590801     0.0530064533     0.0007206576     0.0004011765     0.0031346463
   7       -7.9651748535    -0.0000020623     0.0000678382     0.0071105506     0.0007206576     0.0003571128     0.0006496758
   8       -7.9651771812    -0.0000023277     0.0003530501     0.0002343348     0.0007206576     0.0002995166     0.0001248541
   9       -7.9651762742     0.0000009070     0.0001872623     0.0001502474     0.0007206576     0.0003366038     0.0000496263
  10       -7.9651763849    -0.0000001107     0.0000022589     0.0000742796     0.0007206576     0.0000042980     0.0000303847
  11       -7.9651763695     0.0000000153     0.0000007564     0.0000388232     0.0007206576     0.0000019654     0.0000025056
  12       -7.9651763456     0.0000000240     0.0000010551     0.0000121052     0.0007206576     0.0000011367     0.0000013786
  13       -7.9651763541    -0.0000000086     0.0000004002     0.0000025599     0.0007206576     0.0000006927     0.0000004797
  14       -7.9651763537     0.0000000004     0.0000000355     0.0000004297     0.0007206576     0.0000000672     0.0000000551
 CONVERGED ITERATION   5 IN  14 MICROITERATIONS


 STARTING MICROITERATIONS FOR ITERATION   6

 ITER      TOTAL ENERGY        E CHANGE       ALPHA DENS       BETA DENS        QMP DENS         ORBGRAD_A        ORBGRAD_B 
   1       -7.7629717992     0.2022045545     0.0000000025     2.7375826992     0.0000249840     0.0000000000     0.0000000000
          ---------------START SECOND ORDER SCF---------------
          ---------------START SECOND ORDER SCF---------------
 SOSCF IS SCALING ROTATION ANGLE MATRIX, SQCDF=    3.070507
   2       -7.9019023729    -0.1389305737     0.0104520980     2.2217650395     0.0000249840     0.0210963667     0.0995414122
 SOSCF IS SCALING ROTATION ANGLE MATRIX, SQCDF=    0.913740
   3       -7.9589593241    -0.0570569512     0.0052070838     1.1841509015     0.0000249840     0.0204291658     0.0343375715
 SOSCF IS SCALING ROTATION ANGLE MATRIX, SQCDF=    0.209893
   4       -7.9634798653    -0.0045205412     0.0087982575     0.6345653452     0.0000249840     0.0118468885     0.0155814601
   5       -7.9650545715    -0.0015747062     0.0034775843     0.3038379432     0.0000249840     0.0079575442     0.0095436168
   6       -7.9651727888    -0.0001182173     0.0001589265     0.0530136913     0.0000249840     0.0004006970     0.0031347753
   7       -7.9651748522    -0.0000020634     0.0000678302     0.0071105200     0.0000249840     0.0003573735     0.0006497101
   8       -7.9651771825    -0.0000023302     0.0003533928     0.0002343569     0.0000249840     0.0002997871     0.0001248855
   9       -7.9651762740     0.0000009084     0.0001874548     0.0001504309     0.0000249840     0.0003369503     0.0000496401
  10       -7.9651763847    -0.0000001107     0.0000022616     0.0000743478     0.0000249840     0.0000043031     0.0000304311
  11       -7.9651763693     0.0000000154     0.0000007571     0.0000388497     0.0000249840     0.0000019679     0.0000025091
  12       -7.9651763453     0.0000000240     0.0000010562     0.0000121273     0.0000249840     0.0000011382     0.0000013803
  13       -7.9651763539    -0.0000000086     0.0000004004     0.0000025666     0.0000249840     0.0000006931     0.0000004809
  14       -7.9651763535     0.0000000004     0.0000000356     0.0000004303     0.0000249840     0.0000000673     0.0000000553
 CONVERGED ITERATION   6 IN  14 MICROITERATIONS


 FINAL NEORXCHF ENERGY IS       -7.9651763535 AFTER   6 ITERATIONS

      -----------------------------------------------
               NEORXCHF ENERGETIC COMPONENTS         
      -----------------------------------------------
                E_NUC=         0.0000000000
            ---------------------------------
              E_ECORE=        -8.8576617116
                 E_EE=         1.6364276960
                 E_HF=        -7.2212340156
            ---------------------------------
               E_GAM1=       -45.7507516677
               E_GAM2=      -165.1024049747
               E_GAM3=         0.0000000000
               E_GAM4=         0.0000000000
               E_XCHF=        -1.4541872397
            ---------------------------------
               E_OMG2=         0.0186963450
               E_OMG3=         0.6915485568
               E_OMG4=         0.0000000000
                E_int=         0.7102449018
            ---------------------------------
              S_TOTAL=       144.9972540611
              E_TOTAL=        -7.9651763535
      -----------------------------------------------


  REGULAR ELECTRONIC ORBITALS AND EIGENVALUES:       

                        1          2          3          4          5

                     -2.4373    -0.2705     0.0585     0.5929     1.1362

    1  LABEL        0.462907  -0.053566  -0.040763   0.014353  -0.010368
    2  LABEL        0.610048  -0.136369  -0.145839   0.003745  -0.070134
    3  LABEL        0.008936   0.323347   1.203162   0.492344  -0.271695
    4  LABEL       -0.007685   0.099380  -0.101570   1.113647   0.074091
    5  LABEL        0.004948   0.255624  -0.076269   0.068754  -1.284542
    6  LABEL        0.002980   0.588628  -0.769921  -0.859590   1.140998

                        6

                      4.2618

    1  LABEL        1.393338
    2  LABEL       -1.395358
    3  LABEL        0.217501
    4  LABEL       -0.013980
    5  LABEL       -0.039763
    6  LABEL        0.060281

  SPECIAL ELECTRONIC ORBITALS AND EIGENVALUES:       

                        1          2          3          4          5

                     -0.0926    -0.0836     0.5493     4.7558     5.2928

    1  LABEL       -0.063192   0.026983  -0.027907  -1.370246   0.251318
    2  LABEL       -0.176610   0.103368   0.011966   1.362601  -0.305162
    3  LABEL        0.561736  -1.100000  -0.521348  -0.258516  -0.226929
    4  LABEL        0.097587   0.166646  -1.107699   0.030266   0.026984
    5  LABEL        0.014228   0.012630  -0.047527  -0.199801  -1.298063
    6  LABEL        0.553759   0.958351   0.885151   0.111702   0.981127

                        6

                      0.0000

    1  LABEL        0.000000
    2  LABEL        0.000000
    3  LABEL        0.000000
    4  LABEL        0.000000
    5  LABEL        0.000000
    6  LABEL        0.000000

       QM PARTICLE ORBITALS AND EIGENVALUES:         

                        1          2          3          4          5

                      0.0000     0.0156     0.0302     0.0466     0.0589

    1  LABEL        0.021891   0.215459  -0.941672   3.789765  -8.615230
    2  LABEL       -0.120808  -1.181379   7.659336  -4.692039  25.252616
    3  LABEL        0.869635  -1.588202 -11.920484  -3.381637 -33.475176
    4  LABEL        0.261497   2.851581   5.751195   9.278693  24.340211
    5  LABEL       -0.030638  -0.320453  -0.001375  -4.975924  -8.039460
 
 FINISHED RXCHFMULT CALCULATION
 

          +--------------------------------------+
          |    TIMING SUMMARY FOR CALCULATION    |
          +--------------------------------------+
            TIME TO EVALUATE INTEGRALS:    1478.8610
                          TIME FOR SCF:      18.9684

 
