 
 nat   =                     2
 npebf =                    12
 nebf  =                     6
 npbf  =                     1
 ngtg1 =                     3
 ngee  =                  1296
 ng1   =                    36
 ng2   =                  1296
 ng3   =                 46656
 ng4   =               1679616
 ng1prm=                   144
 ng2prm=                 20736
 ng3prm=               2985984
 
 PMASS   =   1836.00000000000     
 nelec   =                     4
 NUCST   =                     1
 LNEOHF  = F
 read_CE = T
 read_CP = F
 READ_GAM2= F
 READ_GAM3= F
 READ_GAM4= F
 NG4CHK  =                    10
 LGAM4   = T
 LG4DSCF = F
 LG4IC   = T
 NG3CHK  =                    10
 LG3DSCF = F
 LG3IC1  = T
 LG3IC2  = F
 NG2CHK  =                     1
 LG2DSCF = F
 LCMF    = F
 
  CHECK CONTRACTED ELECTRONIC BASIS FUNCTIONS 
 CONT INDEX    KPESTR     KPEEND

   1     1    3

   2     4    4

   3     5    7

   4     8    8

   5     9   11

   6    12   12
 
 ELECTRONIC BASIS FUNCTIONS:
 
 PRIM  CONT    ANG       EXPONENT CONTRACT  -X- -Y- -Z-
 INDEX INDEX   MOM                  COEF

   1     1    0  0  0   38.360000  0.023809  0.000000  0.000000 -1.752504

   2     1    0  0  0    5.770000  0.154891  0.000000  0.000000 -1.752504

   3     1    0  0  0    1.240000  0.469987  0.000000  0.000000 -1.752504

   4     2    0  0  0    0.297600  1.000000  0.000000  0.000000 -1.752504

   5     3    0  0  0   38.360000  0.023809  0.000000  0.000000  1.752504

   6     3    0  0  0    5.770000  0.154891  0.000000  0.000000  1.752504

   7     3    0  0  0    1.240000  0.469987  0.000000  0.000000  1.752504

   8     4    0  0  0    0.297600  1.000000  0.000000  0.000000  1.752504

   9     5    0  0  0   13.010000  0.019685  0.000000  0.000000  0.000000

  10     5    0  0  0    1.962000  0.137977  0.000000  0.000000  0.000000

  11     5    0  0  0    0.444600  0.478148  0.000000  0.000000  0.000000

  12     6    0  0  0    0.122000  1.000000  0.000000  0.000000  0.000000
 ELECTRONIC BASIS FUNCTIONS:
 CONTRACT COEFF HAVE BEEN NORMALIZED
 
 PRIM  CONT    ANG       EXPONENT CONTRACT  -X- -Y- -Z-
 INDEX INDEX   MOM                  COEF

   1     1    0  0  0   38.360000  0.441353  0.000000  0.000000 -1.752504

   2     1    0  0  0    5.770000  0.693497  0.000000  0.000000 -1.752504

   3     1    0  0  0    1.240000  0.664184  0.000000  0.000000 -1.752504

   4     2    0  0  0    0.297600  0.287167  0.000000  0.000000 -1.752504

   5     3    0  0  0   38.360000  0.441353  0.000000  0.000000  1.752504

   6     3    0  0  0    5.770000  0.693497  0.000000  0.000000  1.752504

   7     3    0  0  0    1.240000  0.664184  0.000000  0.000000  1.752504

   8     4    0  0  0    0.297600  0.287167  0.000000  0.000000  1.752504

   9     5    0  0  0   13.010000  0.163548  0.000000  0.000000  0.000000

  10     5    0  0  0    1.962000  0.277418  0.000000  0.000000  0.000000

  11     5    0  0  0    0.444600  0.315749  0.000000  0.000000  0.000000

  12     6    0  0  0    0.122000  0.147123  0.000000  0.000000  0.000000
 
 NUCLEAR BASIS FUNCTIONS:
 
 PRIM  CONT    ANG       EXPONENT CONTRACT  -X- -Y- -Z-
 INDEX INDEX   MOM                  COEF

   1     1    0  0  0    4.164300  1.000000  0.000000  0.000000  0.000000
 
 NUCLEAR BASIS FUNCTIONS:
 CONTRACT COEFF HAVE BEEN NORMALIZED
 
 PRIM  CONT    ANG       EXPONENT CONTRACT  -X- -Y- -Z-
 INDEX INDEX   MOM                  COEF

   1     1    0  0  0    4.164300  2.077622  0.000000  0.000000  0.000000
 
 CONTRACTED ELECTRONIC OVERLAP MATRIX
 

             1           2           3           4           5

    1    1.0000000
    2    0.6341677   1.0000000
    3    0.0003105   0.0315726   1.0000000
    4    0.0315726   0.1607316   0.6341677   1.0000000
    5    0.2367337   0.5179674   0.2367337   0.5179674   1.0000000
    6    0.2719406   0.6635476   0.2719406   0.6635476   0.6848603

             6

    6    1.0000000
 
 NUCLEAR OVERLAP MATRIX
 

             1

    1    1.0000000
 
 **************************************
  CALCULATING ELEC+NUC CORE INTEGRALS  
 **************************************
 
 all done in calc_GAM_epcore
 
 **************************************
     Computing GAM_ep Integrals    
 **************************************
 
 got here
 all done in calc_GAM_ep
 
 **************************************
     Computing GAM_ee Integrals    
 
 nebf =                     6
 npebf=                    12
 ngee =                  1296
 **************************************
 
 all done in calc_GAM_ee
 
 **************************************
        GAM_1 Integrals    
 
 METHOD = MD
 npebf  =                    12
 nebf   =                     6
 npbf   =                     1
 ng1    =                    36
  Available processors:           12
  Available threads                2
  Threads in use                   1
 **************************************
 
  Hello from process                      0
 Threads in use           2
  Hello from process                      1
 TIME TO CALCULATE GAM_1 INTEGRALS:   4.836702346801758E-002

      +---------------------------------------------+
      |     CALCULATING 3-PARTICLE INTEGRALS        |
      +---------------------------------------------+
                                  
           NUMBER OF 3-PARTICLE INTEGRALS:          1296
          NUMBER OF BLOCKS (USER DEFINED):             1
                                  
          COMPUTATIONAL RESOURCES:
          ------------------------
             CORES PER NODE:  12
                  AVAILABLE:   2
            NUMBER OF NODES:   1

            TIME TO EVALUATE BLOCK     1      17.40

          TIMING SUMMARY FOR 3-PARTICLE INTEGRALS:
          ----------------------------------------
            TIME TO EVALUATE ALL INTEGRALS:      17.3978
              TIME TO SYMMETRIZE INTEGRALS:       0.0094


      +---------------------------------------------+
      |     CALCULATING 4-PARTICLE INTEGRALS        |
      |            --IN-CORE APPROACH--             |
      +---------------------------------------------+
                                  
           NUMBER OF 4-PARTICLE INTEGRALS:         46656
          NUMBER OF BLOCKS (USER DEFINED):            10
                                  
          COMPUTATIONAL RESOURCES:
          ------------------------
             CORES PER NODE:  12
                  AVAILABLE:   2
            NUMBER OF NODES:   1

            TIME TO EVALUATE BLOCK     1      19.99
            TIME TO EVALUATE BLOCK     2      14.34
            TIME TO EVALUATE BLOCK     3       6.49
            TIME TO EVALUATE BLOCK     4      15.19
            TIME TO EVALUATE BLOCK     5      17.53
            TIME TO EVALUATE BLOCK     6       6.68
            TIME TO EVALUATE BLOCK     7      12.46
            TIME TO EVALUATE BLOCK     8      19.40
            TIME TO EVALUATE BLOCK     9       8.14
            TIME TO EVALUATE BLOCK    10       5.81

          TIMING SUMMARY FOR 4-PARTICLE INTEGRALS:
          ----------------------------------------
            TIME TO EVALUATE ALL INTEGRALS:     126.0318
              TIME TO SYMMETRIZE INTEGRALS:       0.0044


      +---------------------------------------------+
      |     CALCULATING 5-PARTICLE INTEGRALS        |
      |            --IN-CORE APPROACH--             |
      +---------------------------------------------+
                                  
           NUMBER OF 5-PARTICLE INTEGRALS:       1679616
          NUMBER OF BLOCKS (USER DEFINED):            10
                                  
          COMPUTATIONAL RESOURCES:
          ------------------------
             CORES PER NODE:  12
                  AVAILABLE:   2
            NUMBER OF NODES:   1

            TIME TO EVALUATE BLOCK     1       0.24
            TIME TO EVALUATE BLOCK     2       0.24
            TIME TO EVALUATE BLOCK     3       0.23
            TIME TO EVALUATE BLOCK     4       0.23
            TIME TO EVALUATE BLOCK     5       0.23
            TIME TO EVALUATE BLOCK     6       0.23
            TIME TO EVALUATE BLOCK     7       0.23
            TIME TO EVALUATE BLOCK     8       0.23
            TIME TO EVALUATE BLOCK     9       0.23
            TIME TO EVALUATE BLOCK    10       0.23

          TIMING SUMMARY FOR 5-PARTICLE INTEGRALS:
          ----------------------------------------
            TIME TO EVALUATE ALL INTEGRALS:       2.3421
 READ IN NUC REPULSION
 READ IN NUC OVLAP
 READ IN ELEC OVLAP
 READ IN GAM_ECORE
 READ IN GAM_PCORE
 READ IN GAM_EP
 READ IN GAM_EE
 ABOUT TO CALL guess_prot
 BACK FROM guess_prot

       ** BEGIN NEOXC SELF-CONSISTENT-FIELD CALCULATION **

           INITIAL GUESS ENERGETICS:            

      -----------------------------------------------
               NEOXCHF ENERGETIC COMPONENTS          
      -----------------------------------------------
                E_NUC=         1.1412245162
              E_ECORE=       -10.0218789230
              E_PCORE=         2.2858512384
                 E_EP=        -2.4155399650
                 E_EE=         3.2792860310
               E_GAM1=       -54.0789964191
               E_GAM2=      -885.3958227113
               E_GAM3=      -284.9080649606
               E_GAM4=        56.4464488045
              S_TOTAL=       170.9672838394
              E_TOTAL=        -5.7303165793


 ITER     TOTAL ENERGY        E CHANGE     E DENSITY CHANGE   P DENSITY CHANGE    ORB GRAD
   1       -5.7303165793    -5.7303165793     0.7150135008     1.0000000000     0.0000000000
          ---------------START SECOND ORDER SCF---------------
   2       -5.7737887409    -0.0434721616     0.0521154249     0.0000000000     0.0538126658
   3       -5.7779417176    -0.0041529767     0.0198647934     0.0000000000     0.0360397815
   4       -5.7800627999    -0.0021210823     0.0021938453     0.0000000000     0.0014075921
   5       -5.7800664080    -0.0000036081     0.0004175814     0.0000000000     0.0002953557
   6       -5.7800665092    -0.0000001013     0.0000108356     0.0000000000     0.0000088646
   7       -5.7800665094    -0.0000000001     0.0000017083     0.0000000000     0.0000015294
   8       -5.7800665094     0.0000000000     0.0000000161     0.0000000000     0.0000000159

 FINAL NEOXCHF ENERGY IS       -5.7800665094 AFTER   8 ITERATIONS

      -----------------------------------------------
               NEOXCHF ENERGETIC COMPONENTS          
      -----------------------------------------------
                E_NUC=         1.1412245162
              E_ECORE=       -10.0093699333
              E_PCORE=         2.2858512384
                 E_EP=        -2.2898126784
                 E_EE=         3.1776814086
               E_GAM1=       -51.8292664613
               E_GAM2=      -789.5995889326
               E_GAM3=      -253.9215664325
               E_GAM4=        48.4525902806
              S_TOTAL=       152.2452209581
              E_TOTAL=        -5.7800665094


        ELECTRONIC ORBITALS AND EIGENVALUES:         

                        1          2          3          4          5

                     -0.8956    -0.8776    -0.0956     0.9946     1.5810

    1  LABEL        0.427924   0.391643   0.199047   0.040116  -0.835868
    2  LABEL        0.379801   0.319525   0.766475   0.117239   0.951890
    3  LABEL       -0.427924   0.391643   0.199047   0.040116   0.835868
    4  LABEL       -0.379801   0.319525   0.766475   0.117239  -0.951890
    5  LABEL        0.000000   0.075571  -0.198127  -1.388284   0.000000
    6  LABEL        0.000000   0.027832  -1.655318   0.887742   0.000000

                        6

                      1.8272

    1  LABEL        0.876497
    2  LABEL       -1.536120
    3  LABEL        0.876497
    4  LABEL       -1.536120
    5  LABEL        0.156327
    6  LABEL        1.280504

          NUCLEAR ORBITALS AND EIGENVALUES:          

                        1

                     -0.0006

    1  LABEL        1.000000

          +--------------------------------------+
          |    TIMING SUMMARY FOR CALCULATION    |
          +--------------------------------------+
            TIME TO EVALUATE INTEGRALS:     145.9187
                          TIME FOR SCF:       2.6097

